

Starting up. 17:42.20
---------------------

ADMIN: Loading jobban_rank
ADMIN: jobban_keylist was empty
ADMIN: Updating jobbanfile!
ADMIN: Loading Banlist
ACCESS: Login: Gamer_cad/(Gamer_cad) from 127.0.0.1
ACCESS: Logout: *no client*/(Gamer_cad)
ACCESS: Login: Gamer_cad/(observer) from 127.0.0.1
ACCESS: Logout: Gamer_cad/(Jaylen Costello)


Starting up. 18:52.12
---------------------

ADMIN: Loading jobban_rank
ADMIN: jobban_keylist was empty
ADMIN: Updating jobbanfile!
ADMIN: Loading Banlist
ACCESS: Login: Gamer_cad/(Gamer_cad) from 127.0.0.1
ADMIN: Gamer_cad has started the game.
ACCESS: Logout: *no client*/(Gamer_cad)
ACCESS: Login: Gamer_cad/(Jaylen Costello) from 127.0.0.1
ADMIN: Gamer_cad/(Jaylen Costello) spawned /obj/item/weapon/nuclear/plutonium/safe at (119,88,1)
ACCESS: Logout: Gamer_cad/(Jaylen Costello)


Starting up. 19:00.11
---------------------

ADMIN: Loading jobban_rank
ADMIN: jobban_keylist was empty
ADMIN: Updating jobbanfile!
ADMIN: Loading Banlist
ACCESS: Login: Gamer_cad/(Gamer_cad) from 127.0.0.1
ADMIN: Gamer_cad has started the game.
ACCESS: Logout: *no client*/(Gamer_cad)
ACCESS: Login: Gamer_cad/(Jaylen Costello) from 127.0.0.1
ADMIN: Gamer_cad/(Jaylen Costello) spawned /obj/item/weapon/nuclear/plutonium/safe at (118,91,1)
ACCESS: Logout: Gamer_cad/(Jaylen Costello)


Starting up. 19:04.30
---------------------

ADMIN: Loading jobban_rank
ADMIN: jobban_keylist was empty
ADMIN: Updating jobbanfile!
ADMIN: Loading Banlist
ACCESS: Login: Gamer_cad/(Gamer_cad) from 127.0.0.1
ADMIN: Gamer_cad has started the game.
ACCESS: Logout: *no client*/(Gamer_cad)
ACCESS: Login: Gamer_cad/(Jaylen Costello) from 127.0.0.1
ACCESS: Logout: Gamer_cad/(Jaylen Costello)


Starting up. 19:09.18
---------------------

ADMIN: Loading jobban_rank
ADMIN: jobban_keylist was empty
ADMIN: Updating jobbanfile!
ADMIN: Loading Banlist
ACCESS: Login: Gamer_cad/(Gamer_cad) from 127.0.0.1
ADMIN: Gamer_cad has started the game.
ACCESS: Logout: *no client*/(Gamer_cad)
ACCESS: Login: Gamer_cad/(Jaylen Costello) from 127.0.0.1
ADMIN: Gamer_cad/(Jaylen Costello) spawned /obj/item/weapon/nuclear/plutonium/safe at (120,89,1)
ACCESS: Logout: Gamer_cad/(Jaylen Costello)


Starting up. 19:40.14
---------------------

ADMIN: Loading jobban_rank
ADMIN: jobban_keylist was empty
ADMIN: Updating jobbanfile!
ADMIN: Loading Banlist
ACCESS: Login: Gamer_cad/(Gamer_cad) from 127.0.0.1
ADMIN: Gamer_cad has started the game.
ACCESS: Logout: *no client*/(Gamer_cad)
ACCESS: Login: Gamer_cad/(Jaylen Costello) from 127.0.0.1
ADMIN: Gamer_cad/(Jaylen Costello) spawned /obj/item/weapon/nuclear/plutonium/safe at (120,95,1)
ACCESS: Logout: Gamer_cad/(Jaylen Costello)


Starting up. 19:48.20
---------------------

ADMIN: Loading jobban_rank
ADMIN: jobban_keylist was empty
ADMIN: Updating jobbanfile!
ADMIN: Loading Banlist
ACCESS: Login: Gamer_cad/(Gamer_cad) from 127.0.0.1
ADMIN: Gamer_cad has started the game.
ACCESS: Logout: *no client*/(Gamer_cad)
ACCESS: Login: Gamer_cad/(Jaylen Costello) from 127.0.0.1
ADMIN: Gamer_cad/(Jaylen Costello) spawned /obj/item/weapon/nuclear/plutonium/safe at (120,89,1)
ACCESS: Logout: Gamer_cad/(Jaylen Costello)


Starting up. 19:52.53
---------------------

ADMIN: Loading jobban_rank
ADMIN: jobban_keylist was empty
ADMIN: Updating jobbanfile!
ADMIN: Loading Banlist
ACCESS: Login: Gamer_cad/(Gamer_cad) from 127.0.0.1
ADMIN: Gamer_cad has started the game.
ACCESS: Logout: *no client*/(Gamer_cad)
ACCESS: Login: Gamer_cad/(Jaylen Costello) from 127.0.0.1
ADMIN: Gamer_cad/(Jaylen Costello) spawned /obj/item/weapon/nuclear/plutonium/safe at (120,96,1)
ACCESS: Logout: Gamer_cad/(Jaylen Costello)
ACCESS: Login: Gamer_cad/(Jaylen Costello) from 127.0.0.1
ACCESS: Logout: Gamer_cad/(Jaylen Costello)


Starting up. 19:55.42
---------------------

ADMIN: Loading jobban_rank
ADMIN: jobban_keylist was empty
ADMIN: Updating jobbanfile!
ADMIN: Loading Banlist
ACCESS: Login: Gamer_cad/(Gamer_cad) from 127.0.0.1
ADMIN: Gamer_cad has started the game.
ACCESS: Logout: *no client*/(Gamer_cad)
ACCESS: Login: Gamer_cad/(Jaylen Costello) from 127.0.0.1
ADMIN: Gamer_cad/(Jaylen Costello) spawned /obj/item/weapon/nuclear/plutonium/safe at (120,91,1)
ACCESS: Logout: Gamer_cad/(Jaylen Costello)


Starting up. 19:57.54
---------------------

ADMIN: Loading jobban_rank
ADMIN: jobban_keylist was empty
ADMIN: Updating jobbanfile!
ADMIN: Loading Banlist
ACCESS: Login: Gamer_cad/(Gamer_cad) from 127.0.0.1
ADMIN: Gamer_cad has started the game.
ACCESS: Logout: *no client*/(Gamer_cad)
ACCESS: Login: Gamer_cad/(Jaylen Costello) from 127.0.0.1
ADMIN: Gamer_cad/(Jaylen Costello) spawned /obj/item/weapon/nuclear/plutonium/safe at (120,89,1)
ACCESS: Logout: Gamer_cad/(Jaylen Costello)
ACCESS: Login: Gamer_cad/(Jaylen Costello) from 127.0.0.1
ADMIN: Gamer_cad/(Jaylen Costello) spawned /obj/item/weapon/nuclear/plutonium/safe at (119,88,1)
ADMIN: Gamer_cad/(Jaylen Costello) spawned /obj/item/weapon/nuclear/plutonium/safe at (119,88,1)
ADMIN: Gamer_cad/(Jaylen Costello) spawned /obj/item/weapon/nuclear/plutonium/safe at (119,88,1)
ADMIN: Gamer_cad/(Jaylen Costello) spawned /obj/item/weapon/nuclear/plutonium/safe at (119,88,1)
ADMIN: Gamer_cad/(Jaylen Costello) spawned /obj/item/weapon/nuclear/plutonium/safe at (119,87,1)
ADMIN: Gamer_cad/(Jaylen Costello) spawned /obj/item/weapon/nuclear/plutonium/safe at (119,87,1)
ACCESS: Logout: Gamer_cad/(Jaylen Costello)


Starting up. 20:15.35
---------------------

ADMIN: Loading jobban_rank
ADMIN: jobban_keylist was empty
ADMIN: Updating jobbanfile!
ADMIN: Loading Banlist
ACCESS: Login: Gamer_cad/(Gamer_cad) from 127.0.0.1
ADMIN: Gamer_cad has started the game.
ACCESS: Logout: *no client*/(Gamer_cad)
ACCESS: Login: Gamer_cad/(Jaylen Costello) from 127.0.0.1
ADMIN: Gamer_cad/(Jaylen Costello) spawned /obj/item/weapon/nuclear/control_rod at (119,87,1)
ADMIN: Gamer_cad/(Jaylen Costello) spawned /obj/item/weapon/nuclear/plutonium/safe at (119,88,1)
ACCESS: Logout: Gamer_cad/(Jaylen Costello)


Starting up. 21:36.26
---------------------

ADMIN: Loading jobban_rank
ADMIN: jobban_keylist was empty
ADMIN: Updating jobbanfile!
ADMIN: Loading Banlist
ACCESS: Login: Gamer_cad/(Gamer_cad) from 127.0.0.1
ADMIN: Gamer_cad has started the game.
ACCESS: Logout: *no client*/(Gamer_cad)
ACCESS: Login: Gamer_cad/(Jaylen Costello) from 127.0.0.1
ADMIN: Gamer_cad/(Jaylen Costello) spawned /obj/item/weapon/nuclear/control_rod at (117,86,1)
ADMIN: Gamer_cad/(Jaylen Costello) spawned /obj/item/weapon/nuclear/control_rod at (117,86,1)
ADMIN: Gamer_cad/(Jaylen Costello) spawned /obj/item/weapon/nuclear/control_rod at (117,86,1)
ADMIN: Gamer_cad/(Jaylen Costello) spawned /obj/item/weapon/nuclear/control_rod at (117,86,1)
ADMIN: Gamer_cad/(Jaylen Costello) spawned /obj/item/weapon/nuclear/control_rod at (117,86,1)
ADMIN: Gamer_cad/(Jaylen Costello) spawned /obj/item/weapon/nuclear/control_rod at (117,86,1)
ACCESS: Logout: Gamer_cad/(Jaylen Costello)


Starting up. 21:40.48
---------------------

ADMIN: Loading jobban_rank
ADMIN: jobban_keylist was empty
ADMIN: Updating jobbanfile!
ADMIN: Loading Banlist
ACCESS: Login: Gamer_cad/(Gamer_cad) from 127.0.0.1
ADMIN: Gamer_cad has started the game.
ACCESS: Logout: *no client*/(Gamer_cad)
ACCESS: Login: Gamer_cad/(Jaylen Costello) from 127.0.0.1
ADMIN: Gamer_cad/(Jaylen Costello) spawned /obj/item/weapon/nuclear/control_rod at (117,90,1)
ADMIN: Gamer_cad/(Jaylen Costello) spawned /obj/item/weapon/nuclear/control_rod at (117,90,1)
ADMIN: Gamer_cad/(Jaylen Costello) spawned /obj/item/weapon/nuclear/control_rod at (117,90,1)
ADMIN: Gamer_cad/(Jaylen Costello) spawned /obj/item/weapon/nuclear/control_rod at (117,90,1)
ADMIN: Gamer_cad/(Jaylen Costello) spawned /obj/item/weapon/nuclear/control_rod at (117,90,1)
ADMIN: Gamer_cad/(Jaylen Costello) spawned /obj/item/weapon/nuclear/control_rod at (117,90,1)
ADMIN: Gamer_cad/(Jaylen Costello) spawned /obj/item/weapon/nuclear/control_rod at (117,90,1)
ADMIN: Gamer_cad/(Jaylen Costello) spawned /obj/item/weapon/nuclear/control_rod at (117,90,1)
ADMIN: Gamer_cad/(Jaylen Costello) spawned /obj/item/weapon/nuclear/control_rod at (117,90,1)
ADMIN: Gamer_cad/(Jaylen Costello) spawned /obj/item/weapon/nuclear/control_rod at (117,90,1)
ACCESS: Logout: Gamer_cad/(Jaylen Costello)


Starting up. 21:50.50
---------------------

ADMIN: Loading jobban_rank
ADMIN: jobban_keylist was empty
ADMIN: Updating jobbanfile!
ADMIN: Loading Banlist
ACCESS: Login: Gamer_cad/(Gamer_cad) from 127.0.0.1
ADMIN: Gamer_cad has started the game.
ACCESS: Logout: *no client*/(Gamer_cad)
ACCESS: Login: Gamer_cad/(Jaylen Costello) from 127.0.0.1
ADMIN: Gamer_cad/(Jaylen Costello) spawned /obj/item/weapon/nuclear/control_rod at (117,90,1)
ADMIN: Gamer_cad/(Jaylen Costello) spawned /obj/item/weapon/nuclear/control_rod at (117,90,1)
ADMIN: Gamer_cad/(Jaylen Costello) spawned /obj/item/weapon/nuclear/control_rod at (117,90,1)
ADMIN: Gamer_cad/(Jaylen Costello) spawned /obj/item/weapon/nuclear/control_rod at (117,90,1)
ADMIN: Gamer_cad/(Jaylen Costello) spawned /obj/item/weapon/nuclear/control_rod at (117,90,1)
ADMIN: Gamer_cad/(Jaylen Costello) spawned /obj/item/weapon/nuclear/control_rod at (117,90,1)
ACCESS: Logout: Gamer_cad/(Jaylen Costello)


Starting up. 22:03.29
---------------------

ADMIN: Loading jobban_rank
ADMIN: jobban_keylist was empty
ADMIN: Updating jobbanfile!
ADMIN: Loading Banlist
ACCESS: Login: Gamer_cad/(Gamer_cad) from 127.0.0.1
ADMIN: Gamer_cad has started the game.
ACCESS: Logout: *no client*/(Gamer_cad)
ACCESS: Login: Gamer_cad/(Jaylen Costello) from 127.0.0.1
ADMIN: Gamer_cad/(Jaylen Costello) spawned /obj/item/weapon/nuclear/control_rod at (117,90,1)
ADMIN: Gamer_cad/(Jaylen Costello) spawned /obj/item/weapon/nuclear/control_rod at (117,90,1)
ADMIN: Gamer_cad/(Jaylen Costello) spawned /obj/item/weapon/nuclear/control_rod at (117,90,1)
ADMIN: Gamer_cad/(Jaylen Costello) spawned /obj/item/weapon/nuclear/control_rod at (117,90,1)
ADMIN: Gamer_cad/(Jaylen Costello) spawned /obj/item/weapon/nuclear/control_rod at (117,90,1)
ADMIN: Gamer_cad/(Jaylen Costello) spawned /obj/item/weapon/nuclear/control_rod at (117,90,1)
ACCESS: Logout: Gamer_cad/(Jaylen Costello)


Starting up. 22:08.46
---------------------

ADMIN: Loading jobban_rank
ADMIN: jobban_keylist was empty
ADMIN: Updating jobbanfile!
ADMIN: Loading Banlist
ACCESS: Login: Gamer_cad/(Gamer_cad) from 127.0.0.1
ADMIN: Gamer_cad has started the game.
ACCESS: Logout: *no client*/(Gamer_cad)
ACCESS: Login: Gamer_cad/(Jaylen Costello) from 127.0.0.1
ADMIN: Gamer_cad/(Jaylen Costello) spawned /obj/item/weapon/nuclear/control_rod at (117,90,1)
ADMIN: Gamer_cad/(Jaylen Costello) spawned /obj/item/weapon/nuclear/control_rod at (117,90,1)
ADMIN: Gamer_cad/(Jaylen Costello) spawned /obj/item/weapon/nuclear/control_rod at (117,90,1)
ADMIN: Gamer_cad/(Jaylen Costello) spawned /obj/item/weapon/nuclear/control_rod at (117,90,1)
ADMIN: Gamer_cad/(Jaylen Costello) spawned /obj/item/weapon/nuclear/control_rod at (117,90,1)
ADMIN: Gamer_cad/(Jaylen Costello) spawned /obj/item/weapon/nuclear/control_rod at (117,90,1)
ACCESS: Logout: Gamer_cad/(Jaylen Costello)


Starting up. 22:13.13
---------------------

ADMIN: Loading jobban_rank
ADMIN: jobban_keylist was empty
ADMIN: Updating jobbanfile!
ADMIN: Loading Banlist
ACCESS: Login: Gamer_cad/(Gamer_cad) from 127.0.0.1
ADMIN: Gamer_cad has started the game.
ACCESS: Logout: *no client*/(Gamer_cad)
ACCESS: Login: Gamer_cad/(Jaylen Costello) from 127.0.0.1
ADMIN: Gamer_cad/(Jaylen Costello) spawned /obj/item/weapon/nuclear/control_rod at (120,93,1)
ACCESS: Logout: Gamer_cad/(Jaylen Costello)
