

Starting up. 10:58.33
---------------------

ADMIN: Loading jobban_rank
ADMIN: jobban_keylist was empty
ADMIN: Updating jobbanfile!
ADMIN: Loading Banlist
ACCESS: Login: Gamer_cad/(Gamer_cad) from 127.0.0.1
ADMIN: Gamer_cad has started the game.
ACCESS: Logout: *no client*/(Gamer_cad)
ACCESS: Login: Gamer_cad/(Jaylen Costello) from 127.0.0.1
ADMIN: Gamer_cad/(Jaylen Costello) spawned /obj/item/weapon/nuclear/plutonium/safe at (119,88,1)
ADMIN: Gamer_cad/(Jaylen Costello) spawned /obj/item/weapon/nuclear/plutonium/safe at (119,88,1)
ADMIN: Gamer_cad/(Jaylen Costello) spawned /obj/item/weapon/nuclear/plutonium/safe at (119,88,1)
ADMIN: Gamer_cad/(Jaylen Costello) spawned /obj/item/weapon/nuclear/plutonium/safe at (119,88,1)
ADMIN: Gamer_cad/(Jaylen Costello) spawned /obj/item/weapon/nuclear/plutonium/safe at (119,88,1)
ADMIN: Gamer_cad/(Jaylen Costello) spawned /obj/item/weapon/nuclear/plutonium/safe at (119,88,1)
ADMIN: Gamer_cad/(Jaylen Costello) spawned /obj/item/weapon/nuclear/plutonium/safe at (119,89,1)
ADMIN: Gamer_cad/(Jaylen Costello) spawned /obj/item/weapon/nuclear/plutonium/safe at (119,89,1)
ADMIN: Gamer_cad/(Jaylen Costello) spawned /obj/item/weapon/nuclear/plutonium/safe at (119,89,1)
ACCESS: Logout: Gamer_cad/(Jaylen Costello)


Starting up. 11:06.55
---------------------

ADMIN: Loading jobban_rank
ADMIN: jobban_keylist was empty
ADMIN: Updating jobbanfile!
ADMIN: Loading Banlist
ACCESS: Login: Gamer_cad/(Gamer_cad) from 127.0.0.1
ADMIN: Gamer_cad has started the game.
ACCESS: Logout: *no client*/(Gamer_cad)
ACCESS: Login: Gamer_cad/(Jaylen Costello) from 127.0.0.1
ADMIN: Gamer_cad/(Jaylen Costello) spawned /obj/item/weapon/nuclear/plutonium/safe at (119,88,1)
ADMIN: Gamer_cad/(Jaylen Costello) spawned /obj/item/weapon/nuclear/plutonium/safe at (119,88,1)
ADMIN: Gamer_cad/(Jaylen Costello) spawned /obj/item/weapon/nuclear/plutonium/safe at (119,88,1)
ADMIN: Gamer_cad/(Jaylen Costello) spawned /obj/item/weapon/nuclear/plutonium/safe at (119,88,1)
ADMIN: Gamer_cad/(Jaylen Costello) spawned /obj/item/weapon/nuclear/plutonium/safe at (119,88,1)
ADMIN: Gamer_cad/(Jaylen Costello) spawned /obj/item/weapon/nuclear/plutonium/safe at (119,88,1)
ACCESS: Logout: Gamer_cad/(Jaylen Costello)


Starting up. 11:09.45
---------------------

ADMIN: Loading jobban_rank
ADMIN: jobban_keylist was empty
ADMIN: Updating jobbanfile!
ADMIN: Loading Banlist
ACCESS: Login: Gamer_cad/(Gamer_cad) from 127.0.0.1
ADMIN: Gamer_cad has started the game.
ACCESS: Logout: *no client*/(Gamer_cad)
ACCESS: Login: Gamer_cad/(Jaylen Costello) from 127.0.0.1
ADMIN: Gamer_cad/(Jaylen Costello) spawned /obj/item/weapon/nuclear/plutonium/safe at (119,88,1)
ADMIN: Gamer_cad/(Jaylen Costello) spawned /obj/item/weapon/nuclear/plutonium/safe at (119,88,1)
ADMIN: Gamer_cad/(Jaylen Costello) spawned /obj/item/weapon/nuclear/plutonium/safe at (119,88,1)
ADMIN: Gamer_cad/(Jaylen Costello) spawned /obj/item/weapon/nuclear/plutonium/safe at (119,88,1)
ADMIN: Gamer_cad/(Jaylen Costello) spawned /obj/item/weapon/nuclear/plutonium/safe at (119,88,1)
ADMIN: Gamer_cad/(Jaylen Costello) spawned /obj/item/weapon/nuclear/plutonium/safe at (119,88,1)
ADMIN: Gamer_cad/(Jaylen Costello) spawned /obj/item/weapon/nuclear/plutonium/safe at (119,88,1)
ADMIN: Gamer_cad/(Jaylen Costello) spawned /obj/item/weapon/nuclear/plutonium/safe at (115,88,1)
ADMIN: Gamer_cad/(Jaylen Costello) spawned /obj/item/weapon/nuclear/plutonium/safe at (115,88,1)
ACCESS: Logout: Gamer_cad/(Jaylen Costello)
