

Starting up. 09:11.30
---------------------

ADMIN: Loading jobban_rank
ADMIN: jobban_keylist was empty
ADMIN: Updating jobbanfile!
ADMIN: Loading Banlist
ACCESS: Login: Gamer_cad/(Gamer_cad) from 127.0.0.1
ADMIN: Gamer_cad has started the game.
ADMIN: Gamer_cad has started the game.
ACCESS: Logout: *no client*/(Gamer_cad)
ACCESS: Login: Gamer_cad/(Jaylen Costello) from 127.0.0.1
ACCESS: Logout: Gamer_cad/(Jaylen Costello)


Starting up. 09:17.54
---------------------

ADMIN: Loading jobban_rank
ADMIN: jobban_keylist was empty
ADMIN: Updating jobbanfile!
ADMIN: Loading Banlist
ACCESS: Login: Gamer_cad/(Gamer_cad) from 127.0.0.1
ACCESS: Logout: Gamer_cad/(Gamer_cad)
ACCESS: Login: Gamer_cad/(Gamer_cad) from 127.0.0.1
ADMIN: Gamer_cad has started the game.
ACCESS: Logout: *no client*/(Gamer_cad)
ACCESS: Login: Gamer_cad/(Jaylen Costello) from 127.0.0.1
ACCESS: Logout: Gamer_cad/(Jaylen Costello)


Starting up. 09:24.31
---------------------

ADMIN: Loading jobban_rank
ADMIN: jobban_keylist was empty
ADMIN: Updating jobbanfile!
ADMIN: Loading Banlist
ACCESS: Login: Gamer_cad/(Gamer_cad) from 127.0.0.1
ADMIN: Gamer_cad has started the game.
ADMIN: Gamer_cad has started the game.
ACCESS: Logout: *no client*/(Gamer_cad)
ACCESS: Login: Gamer_cad/(Jaylen Costello) from 127.0.0.1
ACCESS: Logout: Gamer_cad/(Jaylen Costello)


Starting up. 09:45.22
---------------------

ADMIN: Loading jobban_rank
ADMIN: jobban_keylist was empty
ADMIN: Updating jobbanfile!
ADMIN: Loading Banlist
ACCESS: Login: Gamer_cad/(Gamer_cad) from 127.0.0.1
ADMIN: Gamer_cad has started the game.
ACCESS: Logout: *no client*/(Gamer_cad)
ACCESS: Login: Gamer_cad/(Jaylen Costello) from 127.0.0.1
ACCESS: Logout: Gamer_cad/(Jaylen Costello)


Starting up. 09:49.22
---------------------

ADMIN: Loading jobban_rank
ADMIN: jobban_keylist was empty
ADMIN: Updating jobbanfile!
ADMIN: Loading Banlist
ACCESS: Login: Gamer_cad/(Gamer_cad) from 127.0.0.1
ADMIN: Gamer_cad has started the game.
ACCESS: Logout: *no client*/(Gamer_cad)
ACCESS: Login: Gamer_cad/(Jaylen Costello) from 127.0.0.1
ADMIN: Gamer_cad/(Jaylen Costello) deleted Control Rod Manager at (121,94,1)
ADMIN: Gamer_cad/(Jaylen Costello) deleted Fuel Rod Manager at (119,94,1)
ACCESS: Logout: Gamer_cad/(Jaylen Costello)


Starting up. 09:53.29
---------------------

ADMIN: Loading jobban_rank
ADMIN: jobban_keylist was empty
ADMIN: Updating jobbanfile!
ADMIN: Loading Banlist
ACCESS: Login: Gamer_cad/(Gamer_cad) from 127.0.0.1
ADMIN: Gamer_cad has started the game.
ACCESS: Logout: *no client*/(Gamer_cad)
ACCESS: Login: Gamer_cad/(Jaylen Costello) from 127.0.0.1
ADMIN: Gamer_cad/(Jaylen Costello) spawned /obj/item/weapon/nuclear/plutonium/safe at (118,94,1)
ADMIN: Gamer_cad/(Jaylen Costello) spawned /obj/item/weapon/nuclear/plutonium/safe at (118,94,1)
ADMIN: Gamer_cad/(Jaylen Costello) spawned /obj/item/weapon/nuclear/plutonium/safe at (118,94,1)
ADMIN: Gamer_cad/(Jaylen Costello) spawned /obj/item/weapon/nuclear/plutonium/safe at (118,94,1)
ADMIN: Gamer_cad/(Jaylen Costello) spawned /obj/item/weapon/nuclear/plutonium/safe at (118,94,1)
ADMIN: Gamer_cad/(Jaylen Costello) spawned /obj/item/weapon/nuclear/plutonium/safe at (118,94,1)
ADMIN: Gamer_cad/(Jaylen Costello) spawned /obj/item/weapon/nuclear/control_rod at (122,94,1)
ADMIN: Gamer_cad/(Jaylen Costello) modified Plutonium Tube's fuel_remaining to 321
ACCESS: Logout: Gamer_cad/(Jaylen Costello)
