

Starting up. 10:18.28
---------------------

ADMIN: Loading jobban_rank
ADMIN: jobban_keylist was empty
ADMIN: Updating jobbanfile!
ADMIN: Loading Banlist
ACCESS: Login: Guest-3061697504/(Guest-3061697504) from 127.0.0.1
ACCESS: Logout: Guest-3061697504/(Guest-3061697504)
ACCESS: Login: Gamer_cad/(Gamer_cad) from 127.0.0.1
ACCESS: Notice: Gamer_cad/(Gamer_cad) has same IP address as Guest-3061697504/(Guest-3061697504) did (Guest-3061697504/(Guest-3061697504) is no longer logged in).
ACCESS: Notice: Gamer_cad/(Gamer_cad) has same computer ID as Guest-3061697504/(Guest-3061697504) did (Guest-3061697504/(Guest-3061697504) is no longer logged in).
ADMIN: Gamer_cad has started the game.
ACCESS: Logout: *no client*/(Gamer_cad)
ACCESS: Login: Gamer_cad/(Jaylen Costello) from 127.0.0.1
ACCESS: Notice: Gamer_cad/(Jaylen Costello) has same IP address as Guest-3061697504/(Guest-3061697504) did (Guest-3061697504/(Guest-3061697504) is no longer logged in).
ACCESS: Notice: Gamer_cad/(Jaylen Costello) has same computer ID as Guest-3061697504/(Guest-3061697504) did (Guest-3061697504/(Guest-3061697504) is no longer logged in).
ADMIN: Gamer_cad/(Jaylen Costello) deleted Tram Rail at (100,131,1)
ADMIN: Gamer_cad/(Jaylen Costello) spawned /obj/structure/tramline/points/NEW at (100,131,1)
ADMIN: Gamer_cad/(Jaylen Costello) spawned /obj/tram/powered at (96,131,1)
ADMIN: Gamer_cad/(Jaylen Costello) deleted Tram Car at (100,131,1)
ADMIN: Gamer_cad/(Jaylen Costello) spawned /obj/tram/powered at (95,131,1)
ACCESS: Logout: Gamer_cad/(Jaylen Costello)


Starting up. 10:31.24
---------------------

ADMIN: Loading jobban_rank
ADMIN: jobban_keylist was empty
ADMIN: Updating jobbanfile!
ADMIN: Loading Banlist
ACCESS: Login: Gamer_cad/(Gamer_cad) from 127.0.0.1
ADMIN: Gamer_cad has started the game.
ACCESS: Logout: *no client*/(Gamer_cad)
ACCESS: Login: Gamer_cad/(Jaylen Costello) from 127.0.0.1
ADMIN: Gamer_cad/(Jaylen Costello) jumped to 118,105,1 in Aft Primary Hallway
ADMIN: Gamer_cad/(Jaylen Costello) deleted Tram Rail at (100,131,1)
ADMIN: Gamer_cad/(Jaylen Costello) spawned /obj/structure/tramline/points/NEW at (100,131,1)
ADMIN: Gamer_cad/(Jaylen Costello) spawned /obj/tram/powered at (97,131,1)
ACCESS: Logout: Gamer_cad/(Jaylen Costello)


Starting up. 10:40.40
---------------------

ADMIN: Loading jobban_rank
ADMIN: jobban_keylist was empty
ADMIN: Updating jobbanfile!
ADMIN: Loading Banlist
ACCESS: Login: Gamer_cad/(Gamer_cad) from 127.0.0.1
ADMIN: Gamer_cad has started the game.
ACCESS: Logout: *no client*/(Gamer_cad)
ACCESS: Login: Gamer_cad/(Jaylen Costello) from 127.0.0.1
ADMIN: Gamer_cad/(Jaylen Costello) jumped to 116,104,1 in Aft Primary Hallway
ADMIN: Gamer_cad/(Jaylen Costello) jumped to 104,127,1 in Central Primary Hallway
ADMIN: Gamer_cad/(Jaylen Costello) deleted Tram Rail at (100,131,1)
ADMIN: Gamer_cad/(Jaylen Costello) spawned /obj/structure/tramline/points/NEW at (100,131,1)
ADMIN: Gamer_cad/(Jaylen Costello) spawned /obj/tram/powered at (97,131,1)
ACCESS: Logout: Gamer_cad/(Jaylen Costello)


Starting up. 10:45.15
---------------------

ADMIN: Loading jobban_rank
ADMIN: jobban_keylist was empty
ADMIN: Updating jobbanfile!
ADMIN: Loading Banlist
ACCESS: Login: Gamer_cad/(Gamer_cad) from 127.0.0.1
ADMIN: Gamer_cad has started the game.
ACCESS: Logout: *no client*/(Gamer_cad)
ACCESS: Login: Gamer_cad/(Jaylen Costello) from 127.0.0.1
ADMIN: Gamer_cad/(Jaylen Costello) jumped to 117,104,1 in Aft Primary Hallway
ADMIN: Gamer_cad/(Jaylen Costello) jumped to 107,114,1 in Aft Primary Hallway
ADMIN: Gamer_cad/(Jaylen Costello) jumped to 101,128,1 in Central Primary Hallway
ADMIN: Gamer_cad/(Jaylen Costello) deleted Tram Rail at (100,131,1)
ADMIN: Gamer_cad/(Jaylen Costello) spawned /obj/structure/tramline/points/NEW at (100,131,1)
ADMIN: Gamer_cad/(Jaylen Costello) spawned /obj/tram/powered at (97,131,1)
ACCESS: Logout: Gamer_cad/(Jaylen Costello)


Starting up. 11:00.48
---------------------

ADMIN: Loading jobban_rank
ADMIN: jobban_keylist was empty
ADMIN: Updating jobbanfile!
ADMIN: Loading Banlist
ACCESS: Login: Gamer_cad/(Gamer_cad) from 127.0.0.1
ADMIN: Gamer_cad has started the game.
ACCESS: Logout: *no client*/(Gamer_cad)
ACCESS: Login: Gamer_cad/(Jaylen Costello) from 127.0.0.1
ADMIN: Gamer_cad/(Jaylen Costello) jumped to 117,104,1 in Aft Primary Hallway
ADMIN: Gamer_cad/(Jaylen Costello) jumped to 110,112,1 in Aft Primary Hallway
ADMIN: Gamer_cad/(Jaylen Costello) jumped to 107,119,1 in Aft Primary Hallway
ADMIN: Gamer_cad/(Jaylen Costello) jumped to 101,128,1 in Central Primary Hallway
ADMIN: Gamer_cad/(Jaylen Costello) deleted Tram Rail at (100,131,1)
ADMIN: Gamer_cad/(Jaylen Costello) spawned /obj/structure/tramline/points/NEW at (100,131,1)
ADMIN: Gamer_cad/(Jaylen Costello) spawned /obj/tram/powered at (98,131,1)
ADMIN: Gamer_cad/(Jaylen Costello) deleted Tram Rail at (100,133,1)
ADMIN: Gamer_cad/(Jaylen Costello) spawned /obj/structure/tramline at (100,132,1)
ADMIN: Gamer_cad/(Jaylen Costello) modified Tram Rail's dir to 1
ADMIN: Gamer_cad/(Jaylen Costello) spawned /obj/structure/tramline/points/ENS at (100,133,1)
ADMIN: Gamer_cad/(Jaylen Costello) deleted Tram Rail at (100,133,1)
ADMIN: Gamer_cad/(Jaylen Costello) spawned /obj/structure/tramline/points/WNS at (100,133,1)
ADMIN: Gamer_cad/(Jaylen Costello) deleted Tram Rail at (100,131,1)
ADMIN: Gamer_cad/(Jaylen Costello) spawned /obj/structure/tramline/points/NEW at (100,131,1)
ACCESS: Logout: Gamer_cad/(Jaylen Costello)
