

Starting up. 14:10.35
---------------------

ADMIN: Loading jobban_rank
ADMIN: jobban_keylist was empty
ADMIN: Updating jobbanfile!
ADMIN: Loading Banlist
ACCESS: Login: Gamer_cad/(Gamer_cad) from 127.0.0.1
ADMIN: Gamer_cad has started the game.
ACCESS: Logout: *no client*/(Gamer_cad)
ACCESS: Login: Gamer_cad/(Jaylen Costello) from 127.0.0.1
ADMIN: Gamer_cad/(Jaylen Costello) spawned /obj/scavenging/item/infiniteimprobabilitydrive at (121,101,1)
ADMIN: Gamer_cad/(Jaylen Costello) spawned /obj/constructionkit/cryo_cell at (123,101,1)
ACCESS: Logout: Gamer_cad/(Jaylen Costello)


Starting up. 14:18.02
---------------------

ADMIN: Loading jobban_rank
ADMIN: jobban_keylist was empty
ADMIN: Updating jobbanfile!
ADMIN: Loading Banlist
ACCESS: Login: Gamer_cad/(Gamer_cad) from 127.0.0.1
ADMIN: Gamer_cad has started the game.
ACCESS: Logout: *no client*/(Gamer_cad)
ACCESS: Login: Gamer_cad/(Jaylen Costello) from 127.0.0.1
ADMIN: Gamer_cad/(Jaylen Costello) spawned /obj/constructionkit/cryo_cell at (122,101,1)
ADMIN: Gamer_cad/(Jaylen Costello) spawned /obj/item/weapon/sheet/metal/random at (122,100,1)
ADMIN: Gamer_cad/(Jaylen Costello) spawned /obj/item/constructionkit/component/control_board at (123,100,1)
ACCESS: Logout: Gamer_cad/(Jaylen Costello)


Starting up. 17:18.01
---------------------

ADMIN: Loading jobban_rank
ADMIN: jobban_keylist was empty
ADMIN: Updating jobbanfile!
ADMIN: Loading Banlist
ACCESS: Login: Gamer_cad/(Gamer_cad) from 127.0.0.1
ADMIN: Gamer_cad has started the game.
ACCESS: Logout: *no client*/(Gamer_cad)
ACCESS: Login: Gamer_cad/(Jaylen Costello) from 127.0.0.1
ADMIN: Gamer_cad/(Jaylen Costello) spawned /obj/scavenging/item/oldcryopod at (122,100,1)
ADMIN: Gamer_cad/(Jaylen Costello) spawned /obj/constructionkit/cryo_cell at (122,101,1)
ACCESS: Logout: Gamer_cad/(Jaylen Costello)


Starting up. 17:20.36
---------------------

ADMIN: Loading jobban_rank
ADMIN: jobban_keylist was empty
ADMIN: Updating jobbanfile!
ADMIN: Loading Banlist
ACCESS: Login: Gamer_cad/(Gamer_cad) from 127.0.0.1
ADMIN: Gamer_cad has started the game.
ACCESS: Logout: *no client*/(Gamer_cad)
ACCESS: Login: Gamer_cad/(Jaylen Costello) from 127.0.0.1
ADMIN: Gamer_cad/(Jaylen Costello) spawned /obj/item/constructionkit/component/transistor at (122,100,1)
ADMIN: Gamer_cad/(Jaylen Costello) spawned /obj/constructionkit/cryo_cell at (122,101,1)
ACCESS: Logout: Gamer_cad/(Jaylen Costello)


Starting up. 17:23.41
---------------------

ADMIN: Loading jobban_rank
ADMIN: jobban_keylist was empty
ADMIN: Updating jobbanfile!
ADMIN: Loading Banlist
ACCESS: Login: Gamer_cad/(Gamer_cad) from 127.0.0.1
ADMIN: Gamer_cad has started the game.
ACCESS: Logout: *no client*/(Gamer_cad)
ACCESS: Login: Gamer_cad/(Jaylen Costello) from 127.0.0.1
ADMIN: Gamer_cad/(Jaylen Costello) spawned /obj/item/constructionkit/component/transistor at (122,99,1)
ADMIN: Gamer_cad/(Jaylen Costello) spawned /obj/constructionkit/cryo_cell at (122,100,1)
ACCESS: Logout: Gamer_cad/(Jaylen Costello)


Starting up. 17:28.10
---------------------

ADMIN: Loading jobban_rank
ADMIN: jobban_keylist was empty
ADMIN: Updating jobbanfile!
ADMIN: Loading Banlist
ACCESS: Login: Gamer_cad/(Gamer_cad) from 127.0.0.1
ADMIN: Gamer_cad has started the game.
ACCESS: Logout: *no client*/(Gamer_cad)
ACCESS: Login: Gamer_cad/(Jaylen Costello) from 127.0.0.1
ADMIN: Gamer_cad/(Jaylen Costello) spawned /obj/item/constructionkit/component/transistor at (122,100,1)
ADMIN: Gamer_cad/(Jaylen Costello) spawned /obj/constructionkit/cryo_cell at (122,99,1)
ACCESS: Logout: Gamer_cad/(Jaylen Costello)


Starting up. 17:30.58
---------------------

ADMIN: Loading jobban_rank
ADMIN: jobban_keylist was empty
ADMIN: Updating jobbanfile!
ADMIN: Loading Banlist
ACCESS: Login: Gamer_cad/(Gamer_cad) from 127.0.0.1
ADMIN: Gamer_cad has started the game.
ACCESS: Logout: *no client*/(Gamer_cad)
ACCESS: Login: Gamer_cad/(Jaylen Costello) from 127.0.0.1
ADMIN: Gamer_cad/(Jaylen Costello) spawned /obj/constructionkit/cryo_cell at (122,99,1)
ADMIN: Gamer_cad/(Jaylen Costello) spawned /obj/item/constructionkit/component/transistor at (122,100,1)
ADMIN: Gamer_cad/(Jaylen Costello) spawned /obj/item/weapon/sheet/metal at (122,100,1)
ADMIN: Gamer_cad/(Jaylen Costello) spawned /obj/item/weapon/sheet/rglass/random at (121,100,1)
ADMIN: Gamer_cad/(Jaylen Costello) spawned /obj/item/weapon/sheet/glass/random at (122,100,1)
ADMIN: Gamer_cad/(Jaylen Costello) spawned /obj/item/weapon/cable_coil at (122,100,1)
ADMIN: Gamer_cad/(Jaylen Costello) spawned /obj/item/constructionkit/component/control_board at (122,100,1)
ADMIN: Gamer_cad/(Jaylen Costello) spawned /obj/item/constructionkit/component/advanced_control_board at (122,100,1)
ADMIN: Gamer_cad/(Jaylen Costello) spawned /obj/item/constructionkit/component/relay_board at (122,100,1)
ADMIN: Gamer_cad/(Jaylen Costello) spawned /obj/item/constructionkit/component/transistor at (122,100,1)
ADMIN: Gamer_cad/(Jaylen Costello) spawned /obj/item/constructionkit/component/capacitor at (122,100,1)
ADMIN: Gamer_cad/(Jaylen Costello) spawned /obj/item/constructionkit/component/variable_resistor at (122,100,1)
ACCESS: Logout: Gamer_cad/(Jaylen Costello)


Starting up. 17:43.40
---------------------

ADMIN: Loading jobban_rank
ADMIN: jobban_keylist was empty
ADMIN: Updating jobbanfile!
ADMIN: Loading Banlist
ACCESS: Login: Gamer_cad/(Gamer_cad) from 127.0.0.1
ADMIN: Gamer_cad has started the game.
ACCESS: Logout: *no client*/(Gamer_cad)
ACCESS: Login: Gamer_cad/(Jaylen Costello) from 127.0.0.1
ADMIN: Gamer_cad/(Jaylen Costello) spawned /obj/constructionkit/cryo_cell at (122,100,1)
ADMIN: Gamer_cad/(Jaylen Costello) modified Cryo Cell Construction Kit's state to 4
ACCESS: Logout: Gamer_cad/(Jaylen Costello)


Starting up. 17:45.47
---------------------

ADMIN: Loading jobban_rank
ADMIN: jobban_keylist was empty
ADMIN: Updating jobbanfile!
ADMIN: Loading Banlist
ACCESS: Login: Gamer_cad/(Gamer_cad) from 127.0.0.1
ADMIN: Gamer_cad has started the game.
ACCESS: Logout: *no client*/(Gamer_cad)
ACCESS: Login: Gamer_cad/(Jaylen Costello) from 127.0.0.1
ADMIN: Gamer_cad/(Jaylen Costello) spawned /obj/constructionkit/cryo_cell at (122,100,1)
ADMIN: Gamer_cad/(Jaylen Costello) modified Cryo Cell Construction Kit's state to 5
ACCESS: Logout: Gamer_cad/(Jaylen Costello)


Starting up. 18:58.07
---------------------

ADMIN: Loading jobban_rank
ADMIN: jobban_keylist was empty
ADMIN: Updating jobbanfile!
ADMIN: Loading Banlist
ACCESS: Login: Gamer_cad/(Gamer_cad) from 127.0.0.1
ADMIN: Gamer_cad has started the game.
ACCESS: Logout: *no client*/(Gamer_cad)
ACCESS: Login: Gamer_cad/(Jaylen Costello) from 127.0.0.1
ADMIN: Gamer_cad/(Jaylen Costello) spawned /obj/scavenging/item/cargopod at (122,99,1)
ADMIN: Gamer_cad/(Jaylen Costello) spawned /obj/scavenging/item/cargopod at (122,100,1)
ACCESS: Logout: Gamer_cad/(Jaylen Costello)


Starting up. 19:10.22
---------------------

ADMIN: Loading jobban_rank
ADMIN: jobban_keylist was empty
ADMIN: Updating jobbanfile!
ADMIN: Loading Banlist
ACCESS: Login: Gamer_cad/(Gamer_cad) from 127.0.0.1
ADMIN: Gamer_cad has started the game.
ACCESS: Logout: *no client*/(Gamer_cad)
ACCESS: Login: Gamer_cad/(Jaylen Costello) from 127.0.0.1
ADMIN: Gamer_cad/(Jaylen Costello) spawned /obj/scavenging/item/cargopod at (122,101,1)
ADMIN: Gamer_cad/(Jaylen Costello) modified P-Class Pod's state to 11
ACCESS: Logout: Gamer_cad/(Jaylen Costello)


Starting up. 19:19.41
---------------------

ADMIN: Loading jobban_rank
ADMIN: jobban_keylist was empty
ADMIN: Updating jobbanfile!
ADMIN: Loading Banlist
ACCESS: Login: Gamer_cad/(Gamer_cad) from 127.0.0.1
ADMIN: Gamer_cad has started the game.
ACCESS: Logout: *no client*/(Gamer_cad)
ACCESS: Login: Gamer_cad/(Jaylen Costello) from 127.0.0.1
ADMIN: Gamer_cad/(Jaylen Costello) spawned /obj/scavenging/item/cargopod at (122,101,1)
ADMIN: Gamer_cad/(Jaylen Costello) modified P-Class Pod's state to 12
ADMIN: Gamer_cad/(Jaylen Costello) modified P-Class Pod's state to 11
ADMIN: Gamer_cad/(Jaylen Costello) spawned /obj/scavenging/item/cargopod at (121,100,1)
ADMIN: Gamer_cad/(Jaylen Costello) modified P-Class Pod's state to 11
ADMIN: Gamer_cad/(Jaylen Costello) spawned /obj/scavenging/item/cargopod at (122,100,1)
ADMIN: Gamer_cad/(Jaylen Costello) modified P-Class Pod's state to 11
ADMIN: Gamer_cad/(Jaylen Costello) spawned /obj/scavenging/item/cargopod at (122,99,1)
ADMIN: Gamer_cad/(Jaylen Costello) modified P-Class Pod's state to 11
ADMIN: Gamer_cad/(Jaylen Costello) spawned /obj/scavenging/item/cargopod at (123,100,1)
ADMIN: Gamer_cad/(Jaylen Costello) modified P-Class Pod's state to 11
ACCESS: Logout: Gamer_cad/(Jaylen Costello)


Starting up. 19:31.48
---------------------

ADMIN: Loading jobban_rank
ADMIN: jobban_keylist was empty
ADMIN: Updating jobbanfile!
ADMIN: Loading Banlist
ACCESS: Login: Gamer_cad/(Gamer_cad) from 127.0.0.1
ADMIN: Gamer_cad has started the game.
ACCESS: Logout: *no client*/(Gamer_cad)
ACCESS: Login: Gamer_cad/(Jaylen Costello) from 127.0.0.1
ADMIN: Gamer_cad/(Jaylen Costello) spawned /obj/item/weapon/gun/energy/pulse_rifle at (123,99,1)
ACCESS: Logout: Gamer_cad/(Jaylen Costello)
