

Starting up. 14:52.28
---------------------

ADMIN: Loading jobban_rank
ADMIN: jobban_keylist was empty
ADMIN: Updating jobbanfile!
ADMIN: Loading Banlist
ACCESS: Login: Gamer_cad/(Gamer_cad) from 127.0.0.1
ADMIN: Gamer_cad has started the game.
ACCESS: Logout: *no client*/(Gamer_cad)
ACCESS: Login: Gamer_cad/(Jaylen Costello) from 127.0.0.1
ADMIN: Gamer_cad/(Jaylen Costello) jumped to 103,137,1 in Central Primary Hallway
ADMIN: Gamer_cad/(Jaylen Costello) spawned /obj/structure/tramline at (103,137,1)
ADMIN: Gamer_cad/(Jaylen Costello) spawned /obj/structure/tramline at (104,137,1)
ADMIN: Gamer_cad/(Jaylen Costello) spawned /obj/structure/tramline at (105,137,1)
ADMIN: Gamer_cad/(Jaylen Costello) spawned /obj/structure/tramline at (106,137,1)
ADMIN: Gamer_cad/(Jaylen Costello) spawned /obj/structure/tramline at (107,137,1)
ADMIN: Gamer_cad/(Jaylen Costello) spawned /obj/structure/tramline at (108,137,1)
ADMIN: Gamer_cad/(Jaylen Costello) spawned /obj/structure/tramline at (109,137,1)
ADMIN: Gamer_cad/(Jaylen Costello) spawned /obj/structure/tramline at (110,137,1)
ADMIN: Gamer_cad/(Jaylen Costello) spawned /obj/structure/tramline at (111,137,1)
ADMIN: Gamer_cad/(Jaylen Costello) spawned /obj/tram at (107,137,1)
ACCESS: Logout: Gamer_cad/(Jaylen Costello)


Starting up. 14:58.13
---------------------

ADMIN: Loading jobban_rank
ADMIN: jobban_keylist was empty
ADMIN: Updating jobbanfile!
ADMIN: Loading Banlist
ACCESS: Login: Gamer_cad/(Gamer_cad) from 127.0.0.1
ADMIN: Gamer_cad has started the game.
ACCESS: Logout: *no client*/(Gamer_cad)
ACCESS: Login: Gamer_cad/(Jaylen Costello) from 127.0.0.1
ADMIN: Gamer_cad/(Jaylen Costello) jumped to 64,132,1 in Port Primary Hallway
ADMIN: Gamer_cad/(Jaylen Costello) spawned /obj/structure/tramline at (57,132,1)
ADMIN: Gamer_cad/(Jaylen Costello) spawned /obj/structure/tramline at (58,132,1)
ADMIN: Gamer_cad/(Jaylen Costello) spawned /obj/structure/tramline at (59,132,1)
ADMIN: Gamer_cad/(Jaylen Costello) spawned /obj/structure/tramline at (60,132,1)
ADMIN: Gamer_cad/(Jaylen Costello) spawned /obj/structure/tramline at (61,132,1)
ADMIN: Gamer_cad/(Jaylen Costello) spawned /obj/structure/tramline at (62,132,1)
ADMIN: Gamer_cad/(Jaylen Costello) spawned /obj/structure/tramline at (63,132,1)
ADMIN: Gamer_cad/(Jaylen Costello) spawned /obj/structure/tramline at (64,132,1)
ADMIN: Gamer_cad/(Jaylen Costello) spawned /obj/structure/tramline at (65,132,1)
ADMIN: Gamer_cad/(Jaylen Costello) spawned /obj/structure/tramline at (65,132,1)
ADMIN: Gamer_cad/(Jaylen Costello) spawned /obj/structure/tramline at (66,132,1)
ADMIN: Gamer_cad/(Jaylen Costello) spawned /obj/structure/tramline at (67,132,1)
ADMIN: Gamer_cad/(Jaylen Costello) spawned /obj/structure/tramline at (68,132,1)
ADMIN: Gamer_cad/(Jaylen Costello) spawned /obj/structure/tramline at (69,132,1)
ADMIN: Gamer_cad/(Jaylen Costello) spawned /obj/structure/tramline at (70,132,1)
ADMIN: Gamer_cad/(Jaylen Costello) spawned /obj/structure/tramline at (71,132,1)
ADMIN: Gamer_cad/(Jaylen Costello) spawned /obj/tram at (63,132,1)
ACCESS: Logout: Gamer_cad/(Jaylen Costello)


Starting up. 15:09.31
---------------------

ADMIN: Loading jobban_rank
ADMIN: jobban_keylist was empty
ADMIN: Updating jobbanfile!
ADMIN: Loading Banlist
ACCESS: Login: Gamer_cad/(Gamer_cad) from 127.0.0.1
ADMIN: Gamer_cad has started the game.
ACCESS: Logout: *no client*/(Gamer_cad)
ACCESS: Login: Gamer_cad/(Jaylen Costello) from 127.0.0.1
ADMIN: Gamer_cad/(Jaylen Costello) jumped to 105,165,1 in Head of Staff's Quarters
ADMIN: Gamer_cad/(Jaylen Costello) jumped to 107,146,1 in Fore Primary Hallway
ADMIN: Gamer_cad/(Jaylen Costello) jumped to 107,137,1 in Central Primary Hallway
ADMIN: Gamer_cad/(Jaylen Costello) spawned /obj/structure/tramline at (102,137,1)
ADMIN: Gamer_cad/(Jaylen Costello) spawned /obj/structure/tramline at (103,137,1)
ADMIN: Gamer_cad/(Jaylen Costello) spawned /obj/structure/tramline at (104,137,1)
ADMIN: Gamer_cad/(Jaylen Costello) spawned /obj/structure/tramline at (105,137,1)
ADMIN: Gamer_cad/(Jaylen Costello) spawned /obj/structure/tramline at (106,137,1)
ADMIN: Gamer_cad/(Jaylen Costello) spawned /obj/structure/tramline at (107,137,1)
ADMIN: Gamer_cad/(Jaylen Costello) spawned /obj/structure/tramline at (108,137,1)
ADMIN: Gamer_cad/(Jaylen Costello) spawned /obj/structure/tramline at (109,137,1)
ADMIN: Gamer_cad/(Jaylen Costello) spawned /obj/structure/tramline at (110,137,1)
ADMIN: Gamer_cad/(Jaylen Costello) spawned /obj/structure/tramline at (111,137,1)
ADMIN: Gamer_cad/(Jaylen Costello) spawned /obj/tram at (107,137,1)
ACCESS: Logout: Gamer_cad/(Jaylen Costello)


Starting up. 15:39.01
---------------------

ADMIN: Loading jobban_rank
ADMIN: jobban_keylist was empty
ADMIN: Updating jobbanfile!
ADMIN: Loading Banlist
ACCESS: Login: Gamer_cad/(Gamer_cad) from 127.0.0.1
ADMIN: Gamer_cad has started the game.
ACCESS: Logout: *no client*/(Gamer_cad)
ACCESS: Login: Gamer_cad/(Jaylen Costello) from 127.0.0.1
ADMIN: Gamer_cad/(Jaylen Costello) jumped to 128,114,1 in Medical Research
ADMIN: Gamer_cad/(Jaylen Costello) jumped to 128,115,1 in Medical Research
ADMIN: Gamer_cad/(Jaylen Costello) jumped to 123,122,1 in Medbay
ADMIN: Gamer_cad/(Jaylen Costello) jumped to 120,129,1 in Medbay
ADMIN: Gamer_cad/(Jaylen Costello) jumped to 113,131,1 in Central Primary Hallway
ADMIN: Gamer_cad/(Jaylen Costello) jumped to 117,131,1 in Starboard Primary Hallway
ADMIN: Gamer_cad/(Jaylen Costello) spawned /obj/structure/tramline at (117,131,1)
ADMIN: Gamer_cad/(Jaylen Costello) spawned /obj/structure/tramline at (118,131,1)
ADMIN: Gamer_cad/(Jaylen Costello) spawned /obj/structure/tramline at (119,131,1)
ADMIN: Gamer_cad/(Jaylen Costello) spawned /obj/structure/tramline at (120,131,1)
ADMIN: Gamer_cad/(Jaylen Costello) spawned /obj/structure/tramline at (121,131,1)
ADMIN: Gamer_cad/(Jaylen Costello) spawned /obj/structure/tramline at (123,131,1)
ADMIN: Gamer_cad/(Jaylen Costello) spawned /obj/structure/tramline at (124,131,1)
ADMIN: Gamer_cad/(Jaylen Costello) spawned /obj/structure/tramline at (125,131,1)
ADMIN: Gamer_cad/(Jaylen Costello) spawned /obj/structure/tramline at (126,131,1)
ADMIN: Gamer_cad/(Jaylen Costello) spawned /obj/structure/tramline at (127,131,1)
ADMIN: Gamer_cad/(Jaylen Costello) spawned /obj/structure/tramline at (128,131,1)
ADMIN: Gamer_cad/(Jaylen Costello) spawned /obj/structure/tramline at (129,131,1)
ADMIN: Gamer_cad/(Jaylen Costello) spawned /obj/structure/tramline at (130,131,1)
ADMIN: Gamer_cad/(Jaylen Costello) spawned /obj/structure/tramline at (122,131,1)
ADMIN: Gamer_cad/(Jaylen Costello) spawned /obj/tram at (124,131,1)
ACCESS: Logout: Gamer_cad/(Jaylen Costello)


Starting up. 15:45.45
---------------------

ADMIN: Loading jobban_rank
ADMIN: jobban_keylist was empty
ADMIN: Updating jobbanfile!
ADMIN: Loading Banlist
ACCESS: Login: Gamer_cad/(Gamer_cad) from 127.0.0.1
ADMIN: Gamer_cad has started the game.
ACCESS: Logout: *no client*/(Gamer_cad)
ACCESS: Login: Gamer_cad/(Gamer_cad) from 127.0.0.1
ACCESS: Logout: *no client*/(Solo)
ACCESS: Login: Gamer_cad/(Solo) from 127.0.0.1
ADMIN: Gamer_cad/(Solo) spawned /mob/living/carbon/human at (121,132,1)
ADMIN: Gamer_cad/(Solo) modified Starboard Primary Hallway's gender to female
ADMIN: Gamer_cad/(Solo) modified 's ckey to gamer_cad
ACCESS: Logout: *no client*/(Solo)
ACCESS: Login: gamer_cad from 127.0.0.1
ACCESS: Logout: gamer_cad
ACCESS: Login: Gamer_cad from 127.0.0.1
ADMIN: Gamer_cad spawned /obj/structure/tramline at (101,137,1)
ADMIN: Gamer_cad spawned /obj/structure/tramline at (102,137,1)
ADMIN: Gamer_cad spawned /obj/structure/tramline at (103,137,1)
ADMIN: Gamer_cad spawned /obj/structure/tramline at (104,137,1)
ADMIN: Gamer_cad spawned /obj/structure/tramline at (105,137,1)
ADMIN: Gamer_cad spawned /obj/structure/tramline at (106,137,1)
ADMIN: Gamer_cad spawned /obj/structure/tramline at (107,137,1)
ADMIN: Gamer_cad spawned /obj/structure/tramline at (108,137,1)
ADMIN: Gamer_cad spawned /obj/structure/tramline at (109,137,1)
ADMIN: Gamer_cad spawned /obj/structure/tramline at (110,137,1)
ADMIN: Gamer_cad spawned /obj/structure/tramline at (111,137,1)
ADMIN: Gamer_cad spawned /obj/structure/tramline at (112,137,1)
ADMIN: Gamer_cad spawned /obj/tram at (107,137,1)
ADMIN: Gamer_cad modified Tram Rail's dir to 5
ADMIN: Gamer_cad spawned /obj/structure/tramline at (112,136,1)
ADMIN: Gamer_cad deleted Tram Rail at (112,136,1)
ADMIN: Gamer_cad spawned /obj/structure/tramline at (112,136,1)
ADMIN: Gamer_cad spawned /obj/structure/tramline at (112,135,1)
ADMIN: Gamer_cad spawned /obj/structure/tramline at (112,134,1)
ADMIN: Gamer_cad spawned /obj/structure/tramline at (112,133,1)
ADMIN: Gamer_cad modified Tram Rail's dir to 1
ADMIN: Gamer_cad modified Tram Rail's dir to 2
ADMIN: Gamer_cad modified Tram Rail's dir to 1
ADMIN: Gamer_cad modified Tram Rail's dir to 2
ACCESS: Logout: Gamer_cad


Starting up. 18:25.23
---------------------

ADMIN: Loading jobban_rank
ADMIN: jobban_keylist was empty
ADMIN: Updating jobbanfile!
ADMIN: Loading Banlist
ACCESS: Login: Guest-3061697504/(Guest-3061697504) from 127.0.0.1
ACCESS: Logout: Guest-3061697504/(Guest-3061697504)
ACCESS: Login: Gamer_cad/(Gamer_cad) from 127.0.0.1
ACCESS: Notice: Gamer_cad/(Gamer_cad) has same IP address as Guest-3061697504/(Guest-3061697504) did (Guest-3061697504/(Guest-3061697504) is no longer logged in).
ACCESS: Notice: Gamer_cad/(Gamer_cad) has same computer ID as Guest-3061697504/(Guest-3061697504) did (Guest-3061697504/(Guest-3061697504) is no longer logged in).
ADMIN: Gamer_cad has started the game.
ADMIN: Gamer_cad has started the game.
ACCESS: Logout: *no client*/(Gamer_cad)
ACCESS: Login: Gamer_cad/(Jaylen Costello) from 127.0.0.1
ACCESS: Notice: Gamer_cad/(Jaylen Costello) has same IP address as Guest-3061697504/(Guest-3061697504) did (Guest-3061697504/(Guest-3061697504) is no longer logged in).
ACCESS: Notice: Gamer_cad/(Jaylen Costello) has same computer ID as Guest-3061697504/(Guest-3061697504) did (Guest-3061697504/(Guest-3061697504) is no longer logged in).
ADMIN: Gamer_cad/(Jaylen Costello) jumped to 128,115,1 in Medical Research
ADMIN: Gamer_cad/(Jaylen Costello) jumped to 121,131,1 in Starboard Primary Hallway
ADMIN: Gamer_cad/(Jaylen Costello) spawned /obj/structure/tramline at (120,131,1)
ADMIN: Gamer_cad/(Jaylen Costello) spawned /obj/structure/tramline at (121,131,1)
ADMIN: Gamer_cad/(Jaylen Costello) spawned /obj/structure/tramline at (122,131,1)
ADMIN: Gamer_cad/(Jaylen Costello) spawned /obj/structure/tramline at (123,131,1)
ADMIN: Gamer_cad/(Jaylen Costello) spawned /obj/structure/tramline at (124,131,1)
ADMIN: Gamer_cad/(Jaylen Costello) spawned /obj/structure/tramline at (125,131,1)
ADMIN: Gamer_cad/(Jaylen Costello) spawned /obj/structure/tramline at (126,131,1)
ADMIN: Gamer_cad/(Jaylen Costello) spawned /obj/structure/tramline at (127,131,1)
ADMIN: Gamer_cad/(Jaylen Costello) spawned /obj/structure/tramline at (128,131,1)
ADMIN: Gamer_cad/(Jaylen Costello) spawned /obj/structure/tramline at (129,131,1)
ADMIN: Gamer_cad/(Jaylen Costello) spawned /obj/structure/tramline at (130,131,1)
ADMIN: Gamer_cad/(Jaylen Costello) spawned /obj/structure/tramline at (131,131,1)
ADMIN: Gamer_cad/(Jaylen Costello) spawned /obj/structure/tramline at (132,131,1)
ADMIN: Gamer_cad/(Jaylen Costello) spawned /obj/structure/tramline at (133,131,1)
ADMIN: Gamer_cad/(Jaylen Costello) spawned /obj/structure/tramline at (134,131,1)
ADMIN: Gamer_cad/(Jaylen Costello) spawned /obj/structure/tramline at (135,131,1)
ADMIN: Gamer_cad/(Jaylen Costello) spawned /obj/structure/tramline at (136,131,1)
ADMIN: Gamer_cad/(Jaylen Costello) spawned /obj/structure/tramline at (137,131,1)
ADMIN: Gamer_cad/(Jaylen Costello) spawned /obj/structure/tramline at (138,131,1)
ADMIN: Gamer_cad/(Jaylen Costello) spawned /obj/structure/tramline at (139,131,1)
ADMIN: Gamer_cad/(Jaylen Costello) spawned /obj/tram at (130,131,1)
ADMIN: Gamer_cad/(Jaylen Costello) modified Tram Car's dir to 8
ADMIN: Gamer_cad/(Jaylen Costello) spawned /obj/structure/tramline at (119,131,1)
ADMIN: Gamer_cad/(Jaylen Costello) spawned /obj/structure/tramline at (119,132,1)
ADMIN: Gamer_cad/(Jaylen Costello) spawned /obj/structure/tramline at (115,132,1)
ADMIN: Gamer_cad/(Jaylen Costello) spawned /obj/structure/tramline at (116,132,1)
ADMIN: Gamer_cad/(Jaylen Costello) spawned /obj/structure/tramline at (117,132,1)
ADMIN: Gamer_cad/(Jaylen Costello) spawned /obj/structure/tramline at (118,132,1)
ADMIN: Gamer_cad/(Jaylen Costello) spawned /obj/structure/tramline at (113,132,1)
ADMIN: Gamer_cad/(Jaylen Costello) spawned /obj/structure/tramline at (114,132,1)
ADMIN: Gamer_cad/(Jaylen Costello) spawned /obj/structure/tramline at (113,133,1)
ADMIN: Gamer_cad/(Jaylen Costello) spawned /obj/structure/tramline at (113,135,1)
ADMIN: Gamer_cad/(Jaylen Costello) spawned /obj/structure/tramline at (113,134,1)
ADMIN: Gamer_cad/(Jaylen Costello) modified Tram Rail's dir to 2
ADMIN: Gamer_cad/(Jaylen Costello) modified Tram Rail's dir to 10
ADMIN: Gamer_cad/(Jaylen Costello) modified Tram Rail's dir to 2
ADMIN: Gamer_cad/(Jaylen Costello) modified Tram Rail's dir to 2
ADMIN: Gamer_cad/(Jaylen Costello) modified Tram Rail's dir to 2
ADMIN: Gamer_cad/(Jaylen Costello) deleted Medical & Research Wing at (114,132,1)
ADMIN: Gamer_cad/(Jaylen Costello) modified Tram Rail's dir to 1
ADMIN: Gamer_cad/(Jaylen Costello) modified Tram Rail's dir to 5
ADMIN: Gamer_cad/(Jaylen Costello) modified Tram Rail's dir to 10
ACCESS: Logout: Gamer_cad/(Jaylen Costello)


Starting up. 19:11.07
---------------------

ADMIN: Loading jobban_rank
ADMIN: jobban_keylist was empty
ADMIN: Updating jobbanfile!
ADMIN: Loading Banlist
ACCESS: Login: Gamer_cad/(Gamer_cad) from 127.0.0.1
ADMIN: Gamer_cad has started the game.
ACCESS: Logout: *no client*/(Gamer_cad)
ACCESS: Login: Gamer_cad/(Gamer_cad) from 127.0.0.1
ADMIN: Gamer_cad/(R.I.C. 2.0) initiated a reboot.
ACCESS: Logout: Gamer_cad/(R.I.C. 2.0)


Starting up. 19:12.37
---------------------

ADMIN: Loading jobban_rank
ADMIN: jobban_keylist was empty
ADMIN: Updating jobbanfile!
ADMIN: Loading Banlist
ACCESS: Login: Gamer_cad/(Gamer_cad) from 192.168.1.85
ADMIN: Gamer_cad has started the game.
ACCESS: Logout: *no client*/(Gamer_cad)
ACCESS: Login: Gamer_cad/(Jaylen Costello) from 192.168.1.85
ADMIN: Gamer_cad/(Jaylen Costello) jumped to 101,137,1 in Central Primary Hallway
ADMIN: Gamer_cad/(Jaylen Costello) spawned /obj/structure/tramline at (100,138,1)
ADMIN: Gamer_cad/(Jaylen Costello) spawned /obj/structure/tramline at (101,138,1)
ADMIN: Gamer_cad/(Jaylen Costello) spawned /obj/structure/tramline at (102,138,1)
ADMIN: Gamer_cad/(Jaylen Costello) spawned /obj/structure/tramline at (100,137,1)
ADMIN: Gamer_cad/(Jaylen Costello) spawned /obj/structure/tramline at (102,137,1)
ADMIN: Gamer_cad/(Jaylen Costello) spawned /obj/structure/tramline at (100,136,1)
ADMIN: Gamer_cad/(Jaylen Costello) spawned /obj/structure/tramline at (102,136,1)
ADMIN: Gamer_cad/(Jaylen Costello) spawned /obj/structure/tramline at (100,135,1)
ADMIN: Gamer_cad/(Jaylen Costello) spawned /obj/structure/tramline at (101,135,1)
ADMIN: Gamer_cad/(Jaylen Costello) spawned /obj/structure/tramline at (102,135,1)
ADMIN: Gamer_cad/(Jaylen Costello) modified Tram Rail's dir to 6
ADMIN: Gamer_cad/(Jaylen Costello) modified Tram Rail's dir to 10
ADMIN: Gamer_cad/(Jaylen Costello) modified Tram Rail's dir to 21
ADMIN: Gamer_cad/(Jaylen Costello) modified Tram Rail's dir to 2
ADMIN: Gamer_cad/(Jaylen Costello) modified Tram Rail's dir to 9
ADMIN: Gamer_cad/(Jaylen Costello) modified Tram Rail's dir to 5
ADMIN: Gamer_cad/(Jaylen Costello) modified Tram Rail's dir to 1
ADMIN: Gamer_cad/(Jaylen Costello) modified Tram Rail's dir to 1
ADMIN: Gamer_cad/(Jaylen Costello) spawned /obj/tram at (102,136,1)
ADMIN: Gamer_cad/(Jaylen Costello) deleted Tram Car at (102,136,1)
ADMIN: Gamer_cad/(Jaylen Costello) spawned /obj/tram at (101,135,1)
ADMIN: Gamer_cad/(Jaylen Costello) modified Tram Rail's dir to 2
ACCESS: Logout: Gamer_cad/(Jaylen Costello)


Starting up. 19:27.01
---------------------

ADMIN: Loading jobban_rank
ADMIN: jobban_keylist was empty
ADMIN: Updating jobbanfile!
ADMIN: Loading Banlist
ACCESS: Login: Gamer_cad/(Gamer_cad) from 127.0.0.1
ADMIN: Gamer_cad has started the game.
ACCESS: Logout: *no client*/(Gamer_cad)
ACCESS: Login: Gamer_cad/(Jaylen Costello) from 127.0.0.1
ADMIN: Gamer_cad/(Jaylen Costello) jumped to 94,132,1 in Port Primary Hallway
ADMIN: Gamer_cad/(Jaylen Costello) spawned /obj/structure/tramline at (100,132,1)
ADMIN: Gamer_cad/(Jaylen Costello) spawned /obj/structure/tramline at (101,132,1)
ADMIN: Gamer_cad/(Jaylen Costello) spawned /obj/structure/tramline at (101,133,1)
ADMIN: Gamer_cad/(Jaylen Costello) spawned /obj/structure/tramline at (101,134,1)
ADMIN: Gamer_cad/(Jaylen Costello) spawned /obj/structure/tramline at (101,135,1)
ADMIN: Gamer_cad/(Jaylen Costello) modified Tram Rail's dir to 2
ADMIN: Gamer_cad/(Jaylen Costello) modified Tram Rail's dir to 2
ADMIN: Gamer_cad/(Jaylen Costello) modified Tram Rail's dir to 2
ADMIN: Gamer_cad/(Jaylen Costello) modified Tram Rail's dir to 6
ADMIN: Gamer_cad/(Jaylen Costello) spawned /obj/tram at (100,132,1)
ACCESS: Logout: Gamer_cad/(Jaylen Costello)


Starting up. 19:30.43
---------------------

ADMIN: Loading jobban_rank
ADMIN: jobban_keylist was empty
ADMIN: Updating jobbanfile!
ADMIN: Loading Banlist
ACCESS: Login: Gamer_cad/(Gamer_cad) from 127.0.0.1
ADMIN: Gamer_cad has started the game.
ACCESS: Logout: *no client*/(Gamer_cad)
ACCESS: Login: Gamer_cad/(Jaylen Costello) from 127.0.0.1
ADMIN: Gamer_cad/(Jaylen Costello) jumped to 68,149,1 in Crew Quarters
ADMIN: Gamer_cad/(Jaylen Costello) spawned /obj/structure/tramline at (69,149,1)
ADMIN: Gamer_cad/(Jaylen Costello) spawned /obj/structure/tramline at (70,149,1)
ADMIN: Gamer_cad/(Jaylen Costello) spawned /obj/structure/tramline at (70,150,1)
ADMIN: Gamer_cad/(Jaylen Costello) modified Tram Rail's dir to 6
ADMIN: Gamer_cad/(Jaylen Costello) modified Tram Rail's dir to 2
ADMIN: Gamer_cad/(Jaylen Costello) spawned /obj/tram at (69,149,1)
ACCESS: Logout: Gamer_cad/(Jaylen Costello)


Starting up. 19:42.44
---------------------

ADMIN: Loading jobban_rank
ADMIN: jobban_keylist was empty
ADMIN: Updating jobbanfile!
ADMIN: Loading Banlist
ACCESS: Login: Gamer_cad/(Gamer_cad) from 127.0.0.1
ADMIN: Gamer_cad has started the game.
ACCESS: Logout: *no client*/(Gamer_cad)
ACCESS: Login: Gamer_cad/(Jaylen Costello) from 127.0.0.1
ADMIN: Gamer_cad/(Jaylen Costello) spawned /obj/structure/tramline at (121,122,1)
ADMIN: Gamer_cad/(Jaylen Costello) spawned /obj/structure/tramline at (122,122,1)
ADMIN: Gamer_cad/(Jaylen Costello) spawned /obj/structure/tramline at (122,123,1)
ADMIN: Gamer_cad/(Jaylen Costello) modified Tram Rail's dir to 2
ADMIN: Gamer_cad/(Jaylen Costello) modified Tram Rail's dir to 6
ADMIN: Gamer_cad/(Jaylen Costello) spawned /obj/tram at (122,123,1)
ACCESS: Logout: Gamer_cad/(Jaylen Costello)


Starting up. 19:55.06
---------------------

ADMIN: Loading jobban_rank
ADMIN: jobban_keylist was empty
ADMIN: Updating jobbanfile!
ADMIN: Loading Banlist
ACCESS: Login: Gamer_cad/(Gamer_cad) from 127.0.0.1
ADMIN: Gamer_cad has started the game.
ACCESS: Logout: *no client*/(Gamer_cad)
ACCESS: Login: Gamer_cad/(Jaylen Costello) from 127.0.0.1
ADMIN: Gamer_cad/(Jaylen Costello) jumped to 104,137,1 in Central Primary Hallway
ADMIN: Gamer_cad/(Jaylen Costello) spawned /obj/structure/tramline at (102,136,1)
ADMIN: Gamer_cad/(Jaylen Costello) spawned /obj/structure/tramline at (103,136,1)
ADMIN: Gamer_cad/(Jaylen Costello) spawned /obj/structure/tramline at (103,137,1)
ADMIN: Gamer_cad/(Jaylen Costello) modified Tram Rail's dir to 2
ADMIN: Gamer_cad/(Jaylen Costello) modified Tram Rail's dir to 6
ADMIN: Gamer_cad/(Jaylen Costello) spawned /obj/tram at (102,136,1)
ACCESS: Logout: Gamer_cad/(Jaylen Costello)


Starting up. 20:01.00
---------------------

ADMIN: Loading jobban_rank
ADMIN: jobban_keylist was empty
ADMIN: Updating jobbanfile!
ADMIN: Loading Banlist
ACCESS: Login: Gamer_cad/(Gamer_cad) from 127.0.0.1
ADMIN: Gamer_cad has started the game.
ACCESS: Logout: *no client*/(Gamer_cad)
ACCESS: Login: Gamer_cad/(Jaylen Costello) from 127.0.0.1
ADMIN: Gamer_cad/(Jaylen Costello) spawned /obj/structure/tramline at (94,117,1)
ADMIN: Gamer_cad/(Jaylen Costello) spawned /obj/structure/tramline at (95,117,1)
ADMIN: Gamer_cad/(Jaylen Costello) spawned /obj/structure/tramline at (95,118,1)
ADMIN: Gamer_cad/(Jaylen Costello) modified Tram Rail's dir to 6
ADMIN: Gamer_cad/(Jaylen Costello) modified Tram Rail's dir to 2
ADMIN: Gamer_cad/(Jaylen Costello) spawned /obj/tram at (94,117,1)
ACCESS: Logout: Gamer_cad/(Jaylen Costello)


Starting up. 20:05.53
---------------------

ADMIN: Loading jobban_rank
ADMIN: jobban_keylist was empty
ADMIN: Updating jobbanfile!
ADMIN: Loading Banlist
ACCESS: Login: Gamer_cad/(Gamer_cad) from 127.0.0.1
ADMIN: Gamer_cad has started the game.
ACCESS: Logout: *no client*/(Gamer_cad)
ACCESS: Login: Gamer_cad/(Jaylen Costello) from 127.0.0.1
ADMIN: Gamer_cad/(Jaylen Costello) spawned /obj/structure/tramline at (137,127,1)
ADMIN: Gamer_cad/(Jaylen Costello) modified Tram Rail's dir to 2
ADMIN: Gamer_cad/(Jaylen Costello) spawned /obj/tram at (137,127,1)
ACCESS: Logout: Gamer_cad/(Jaylen Costello)


Starting up. 20:18.00
---------------------

ADMIN: Loading jobban_rank
ADMIN: jobban_keylist was empty
ADMIN: Updating jobbanfile!
ADMIN: Loading Banlist
ACCESS: Login: Gamer_cad/(Gamer_cad) from 127.0.0.1
ADMIN: Gamer_cad has started the game.
ACCESS: Logout: *no client*/(Gamer_cad)
ACCESS: Login: Gamer_cad/(Jaylen Costello) from 127.0.0.1
ADMIN: Gamer_cad/(Jaylen Costello) spawned /obj/structure/tramline at (124,120,1)
ADMIN: Gamer_cad/(Jaylen Costello) modified Tram Rail's dir to 2
ADMIN: Gamer_cad/(Jaylen Costello) spawned /obj/tram at (124,120,1)
ACCESS: Logout: Gamer_cad/(Jaylen Costello)


Starting up. 20:21.56
---------------------

ADMIN: Loading jobban_rank
ADMIN: jobban_keylist was empty
ADMIN: Updating jobbanfile!
ADMIN: Loading Banlist


Starting up. 20:22.36
---------------------

ADMIN: Loading jobban_rank
ADMIN: jobban_keylist was empty
ADMIN: Updating jobbanfile!
ADMIN: Loading Banlist
ACCESS: Login: Gamer_cad/(Gamer_cad) from 127.0.0.1
ADMIN: Gamer_cad has started the game.
ACCESS: Logout: *no client*/(Gamer_cad)
ACCESS: Login: Gamer_cad/(Jaylen Costello) from 127.0.0.1
ADMIN: Gamer_cad/(Jaylen Costello) jumped to 105,165,1 in Head of Staff's Quarters
ADMIN: Gamer_cad/(Jaylen Costello) spawned /obj/structure/tramline at (107,164,1)
ADMIN: Gamer_cad/(Jaylen Costello) modified Tram Rail's dir to 2
ADMIN: Gamer_cad/(Jaylen Costello) spawned /obj/tram at (107,164,1)
ACCESS: Logout: Gamer_cad/(Jaylen Costello)


Starting up. 20:30.06
---------------------

ADMIN: Loading jobban_rank
ADMIN: jobban_keylist was empty
ADMIN: Updating jobbanfile!
ADMIN: Loading Banlist
ACCESS: Login: Gamer_cad/(Gamer_cad) from 127.0.0.1
ADMIN: Gamer_cad has started the game.
ACCESS: Logout: *no client*/(Gamer_cad)
ACCESS: Login: Gamer_cad/(Jaylen Costello) from 127.0.0.1
ADMIN: Gamer_cad/(Jaylen Costello) jumped to 105,145,1 in Security
ADMIN: Gamer_cad/(Jaylen Costello) spawned /obj/structure/tramline at (107,145,1)
ADMIN: Gamer_cad/(Jaylen Costello) modified Tram Rail's dir to 2
ADMIN: Gamer_cad/(Jaylen Costello) spawned /obj/tram at (107,145,1)
ACCESS: Logout: Gamer_cad/(Jaylen Costello)


Starting up. 20:33.02
---------------------

ADMIN: Loading jobban_rank
ADMIN: jobban_keylist was empty
ADMIN: Updating jobbanfile!
ADMIN: Loading Banlist
ACCESS: Login: Gamer_cad/(Gamer_cad) from localhost
ACCESS: Logout: Gamer_cad/(Gamer_cad)


Starting up. 20:33.25
---------------------

ADMIN: Loading jobban_rank
ADMIN: jobban_keylist was empty
ADMIN: Updating jobbanfile!
ADMIN: Loading Banlist
ACCESS: Login: Gamer_cad/(Gamer_cad) from 127.0.0.1
ADMIN: Gamer_cad has started the game.
ACCESS: Logout: *no client*/(Gamer_cad)
ACCESS: Login: Gamer_cad/(Jaylen Costello) from 127.0.0.1
ADMIN: Gamer_cad/(Jaylen Costello) jumped to 105,161,1 in Head of Staff's Quarters
ADMIN: Gamer_cad/(Jaylen Costello) spawned /obj/structure/tramline at (107,162,1)
ADMIN: Gamer_cad/(Jaylen Costello) modified Tram Rail's dir to 2
ADMIN: Gamer_cad/(Jaylen Costello) spawned /obj/tram at (107,162,1)
ACCESS: Logout: Gamer_cad/(Jaylen Costello)
ACCESS: Login: Gamer_cad/(Jaylen Costello) from 127.0.0.1
ACCESS: Logout: Gamer_cad/(Jaylen Costello)


Starting up. 20:36.43
---------------------

ADMIN: Loading jobban_rank
ADMIN: jobban_keylist was empty
ADMIN: Updating jobbanfile!
ADMIN: Loading Banlist
ACCESS: Login: Gamer_cad/(Gamer_cad) from 127.0.0.1
ADMIN: Gamer_cad has started the game.
ACCESS: Logout: *no client*/(Gamer_cad)
ACCESS: Login: Gamer_cad/(Jaylen Costello) from 127.0.0.1
ADMIN: Gamer_cad/(Jaylen Costello) jumped to 65,143,1 in Barbers Shop
ADMIN: Gamer_cad/(Jaylen Costello) jumped to 68,150,1 in Crew Quarters
ADMIN: Gamer_cad/(Jaylen Costello) spawned /obj/structure/tramline at (68,150,1)
ADMIN: Gamer_cad/(Jaylen Costello) spawned /obj/tram at (68,150,1)
ACCESS: Logout: Gamer_cad/(Jaylen Costello)


Starting up. 20:39.28
---------------------

ADMIN: Loading jobban_rank
ADMIN: jobban_keylist was empty
ADMIN: Updating jobbanfile!
ADMIN: Loading Banlist
ACCESS: Login: Gamer_cad/(Gamer_cad) from 127.0.0.1
ADMIN: Gamer_cad has started the game.
ACCESS: Logout: *no client*/(Gamer_cad)
ACCESS: Login: Gamer_cad/(Jaylen Costello) from 127.0.0.1
ADMIN: Gamer_cad/(Jaylen Costello) jumped to 128,115,1 in Medical Research
ADMIN: Gamer_cad/(Jaylen Costello) jumped to 124,119,1 in Medbay
ADMIN: Gamer_cad/(Jaylen Costello) spawned /obj/structure/tramline at (123,123,1)
ADMIN: Gamer_cad/(Jaylen Costello) spawned /obj/tram at (123,123,1)
ACCESS: Logout: Gamer_cad/(Jaylen Costello)


Starting up. 20:44.50
---------------------

ADMIN: Loading jobban_rank
ADMIN: jobban_keylist was empty
ADMIN: Updating jobbanfile!
ADMIN: Loading Banlist
ACCESS: Login: Gamer_cad/(Gamer_cad) from 127.0.0.1
ADMIN: Gamer_cad has started the game.
ACCESS: Logout: *no client*/(Gamer_cad)
ACCESS: Login: Gamer_cad/(Gamer_cad) from 127.0.0.1
ADMIN: Gamer_cad/(Surgeon General Kraken) initiated a reboot.
ACCESS: Logout: Gamer_cad/(Surgeon General Kraken)


Starting up. 20:45.18
---------------------

ADMIN: Loading jobban_rank
ADMIN: jobban_keylist was empty
ADMIN: Updating jobbanfile!
ADMIN: Loading Banlist
ACCESS: Login: Gamer_cad/(Gamer_cad) from 192.168.1.85
ADMIN: Gamer_cad has started the game.
ACCESS: Logout: *no client*/(Gamer_cad)
ACCESS: Login: Gamer_cad/(Jaylen Costello) from 192.168.1.85
ADMIN: Gamer_cad/(Jaylen Costello) spawned /obj/structure/tramline at (123,122,1)
ADMIN: Gamer_cad/(Jaylen Costello) modified Tram Rail's dir to 2
ADMIN: Gamer_cad/(Jaylen Costello) spawned /obj/structure/tramline at (123,122,1)
ADMIN: Gamer_cad/(Jaylen Costello) deleted Tram Rail at (123,122,1)
ADMIN: Gamer_cad/(Jaylen Costello) spawned /obj/tram at (123,122,1)
ACCESS: Logout: Gamer_cad/(Jaylen Costello)


Starting up. 20:53.09
---------------------

ADMIN: Loading jobban_rank
ADMIN: jobban_keylist was empty
ADMIN: Updating jobbanfile!
ADMIN: Loading Banlist
ACCESS: Login: Gamer_cad/(Gamer_cad) from 127.0.0.1
ADMIN: Gamer_cad has started the game.
ACCESS: Logout: *no client*/(Gamer_cad)
ACCESS: Login: Gamer_cad/(Jaylen Costello) from 127.0.0.1
ADMIN: Gamer_cad/(Jaylen Costello) spawned /obj/structure/tramline at (123,123,1)
ADMIN: Gamer_cad/(Jaylen Costello) modified Tram Rail's dir to 2
ADMIN: Gamer_cad/(Jaylen Costello) spawned /obj/tram at (123,123,1)
ACCESS: Logout: Gamer_cad/(Jaylen Costello)
ACCESS: Login: Gamer_cad/(Jaylen Costello) from 127.0.0.1
ACCESS: Logout: Gamer_cad/(Jaylen Costello)
ACCESS: Login: Gamer_cad/(Jaylen Costello) from 127.0.0.1
ACCESS: Logout: Gamer_cad/(Jaylen Costello)


Starting up. 21:11.46
---------------------

ADMIN: Loading jobban_rank
ADMIN: jobban_keylist was empty
ADMIN: Updating jobbanfile!
ADMIN: Loading Banlist
ACCESS: Login: Gamer_cad/(Gamer_cad) from 127.0.0.1
ADMIN: Gamer_cad has started the game.
ACCESS: Logout: *no client*/(Gamer_cad)
ACCESS: Login: Gamer_cad/(Jaylen Costello) from 127.0.0.1
ADMIN: Gamer_cad/(Jaylen Costello) jumped to 105,165,1 in Head of Staff's Quarters
ADMIN: Gamer_cad/(Jaylen Costello) spawned /obj/structure/tramline at (107,164,1)
ADMIN: Gamer_cad/(Jaylen Costello) modified Tram Rail's dir to 2
ADMIN: Gamer_cad/(Jaylen Costello) spawned /obj/tram at (107,164,1)
ACCESS: Logout: Gamer_cad/(Jaylen Costello)


Starting up. 23:54.09
---------------------

ADMIN: Loading jobban_rank
ADMIN: jobban_keylist was empty
ADMIN: Updating jobbanfile!
ADMIN: Loading Banlist
ACCESS: Login: Gamer_cad/(Gamer_cad) from 127.0.0.1
ADMIN: Gamer_cad has started the game.
ACCESS: Logout: *no client*/(Gamer_cad)
ACCESS: Login: Gamer_cad/(Jaylen Costello) from 127.0.0.1
ADMIN: Gamer_cad/(Jaylen Costello) jumped to 77,132,1 in Port Primary Hallway
ADMIN: Gamer_cad/(Jaylen Costello) spawned /obj/tram at (77,132,1)
ACCESS: Logout: Gamer_cad/(Jaylen Costello)
