

Starting up. 20:37.19
---------------------

ADMIN: Loading jobban_rank
ADMIN: jobban_keylist was empty
ADMIN: Updating jobbanfile!
ADMIN: Loading Banlist
ACCESS: Login: Gamer_cad/(Gamer_cad) from 127.0.0.1
ACCESS: Logout: Gamer_cad/(Gamer_cad)


Starting up. 20:44.24
---------------------

ADMIN: Loading jobban_rank
ADMIN: jobban_keylist was empty
ADMIN: Updating jobbanfile!
ADMIN: Loading Banlist
ACCESS: Login: Gamer_cad/(Gamer_cad) from 127.0.0.1
ADMIN: Gamer_cad has started the game.
ACCESS: Logout: *no client*/(Gamer_cad)
ACCESS: Login: Gamer_cad/(Jaylen Costello) from 127.0.0.1
ACCESS: Logout: Gamer_cad/(Jaylen Costello)
ACCESS: Login: Gamer_cad/(Jaylen Costello) from 127.0.0.1
ADMIN: Gamer_cad/(Jaylen Costello) jumped to 88,132,1 in Port Primary Hallway
ACCESS: Logout: Gamer_cad/(Jaylen Costello)


Starting up. 21:17.33
---------------------

ADMIN: Loading jobban_rank
ADMIN: jobban_keylist was empty
ADMIN: Updating jobbanfile!
ADMIN: Loading Banlist
ACCESS: Login: Gamer_cad/(Gamer_cad) from 127.0.0.1
ACCESS: Logout: *no client*/(Gamer_cad)
ACCESS: Login: Gamer_cad/(observer) from 127.0.0.1
ADMIN: Gamer_cad/(Jaylen Costello) toggled respawn to On.
GAME: Jaylen Costello/Gamer_cad used abandon mob.
ACCESS: Logout: *no client*/(Jaylen Costello)
ACCESS: Login: Gamer_cad/(new player) from 127.0.0.1
ACCESS: Login: Gamer_cad/(new player) from 127.0.0.1
ADMIN: Gamer_cad has started the game.
ACCESS: Logout: *no client*/(new player)
ACCESS: Login: Gamer_cad/(Jaylen Costello) from 127.0.0.1
ADMIN: Gamer_cad/(Jaylen Costello) modified wooden table's step_x to 2
ADMIN: Gamer_cad/(Jaylen Costello) modified Jaylen Costello's step_size to 3
ADMIN: Gamer_cad/(Jaylen Costello) modified Jaylen Costello's step_size to 32
ADMIN: Gamer_cad/(Jaylen Costello) deleted the wooden table at (91,126,1)
ACCESS: Logout: Gamer_cad/(Jaylen Costello)
ACCESS: Login: Gamer_cad/(Jaylen Costello) from 127.0.0.1
ACCESS: Logout: Gamer_cad/(Jaylen Costello)
ACCESS: Login: Gamer_cad/(Jaylen Costello) from 127.0.0.1
ACCESS: Logout: Gamer_cad/(Jaylen Costello)


Starting up. 21:26.41
---------------------

ADMIN: Loading jobban_rank
ADMIN: jobban_keylist was empty
ADMIN: Updating jobbanfile!
ADMIN: Loading Banlist
ACCESS: Login: Gamer_cad/(Gamer_cad) from 127.0.0.1
ACCESS: Logout: Gamer_cad/(Gamer_cad)
ACCESS: Login: Gamer_cad/(Gamer_cad) from 127.0.0.1
ACCESS: Logout: Gamer_cad/(Gamer_cad)
ACCESS: Login: Gamer_cad/(Gamer_cad) from 127.0.0.1
ADMIN: Gamer_cad has started the game.
ACCESS: Logout: *no client*/(Gamer_cad)
ACCESS: Login: Gamer_cad/(Jaylen Costello) from 127.0.0.1
ACCESS: Logout: *no client*/(Jaylen Costello)
ACCESS: Login: Gamer_cad/(Jaylen Costello) from 127.0.0.1
ACCESS: Logout: *no client*/(Jaylen Costello)
ACCESS: Login: Gamer_cad/(Jaylen Costello) from 127.0.0.1
ACCESS: Logout: Gamer_cad/(Jaylen Costello)


Starting up. 21:56.08
---------------------

ADMIN: Loading jobban_rank
ADMIN: jobban_keylist was empty
ADMIN: Updating jobbanfile!
ADMIN: Loading Banlist
ACCESS: Login: Gamer_cad/(Gamer_cad) from 127.0.0.1
ADMIN: Gamer_cad has started the game.
ACCESS: Logout: *no client*/(Gamer_cad)
ACCESS: Login: Gamer_cad/(Jaylen Costello) from 127.0.0.1
ACCESS: Logout: Gamer_cad/(Jaylen Costello)


Starting up. 22:14.29
---------------------

ADMIN: Loading jobban_rank
ADMIN: jobban_keylist was empty
ADMIN: Updating jobbanfile!
ADMIN: Loading Banlist
ACCESS: Login: Gamer_cad/(Gamer_cad) from 127.0.0.1
ADMIN: Gamer_cad has started the game.
ACCESS: Logout: *no client*/(Gamer_cad)
ACCESS: Login: Gamer_cad/(Jaylen Costello) from 127.0.0.1
ACCESS: Logout: Gamer_cad/(Jaylen Costello)


Starting up. 22:18.45
---------------------

ADMIN: Loading jobban_rank
ADMIN: jobban_keylist was empty
ADMIN: Updating jobbanfile!
ADMIN: Loading Banlist
ACCESS: Login: Gamer_cad/(Gamer_cad) from 127.0.0.1
ADMIN: Gamer_cad has started the game.
ACCESS: Logout: *no client*/(Gamer_cad)
ACCESS: Login: Gamer_cad/(Jaylen Costello) from 127.0.0.1
ACCESS: Logout: Gamer_cad/(Jaylen Costello)


Starting up. 22:33.15
---------------------

ADMIN: Loading jobban_rank
ADMIN: jobban_keylist was empty
ADMIN: Updating jobbanfile!
ADMIN: Loading Banlist
ACCESS: Login: Gamer_cad/(Gamer_cad) from 127.0.0.1
ADMIN: Gamer_cad has started the game.
ACCESS: Logout: *no client*/(Gamer_cad)
ACCESS: Login: Gamer_cad/(Jaylen Costello) from 127.0.0.1
ACCESS: Logout: Gamer_cad/(Jaylen Costello)


Starting up. 22:59.13
---------------------

ADMIN: Loading jobban_rank
ADMIN: jobban_keylist was empty
ADMIN: Updating jobbanfile!
ADMIN: Loading Banlist
ACCESS: Login: Gamer_cad/(Gamer_cad) from 127.0.0.1
ADMIN: Gamer_cad has started the game.
ACCESS: Logout: *no client*/(Gamer_cad)
ACCESS: Login: Gamer_cad/(Jaylen Costello) from 127.0.0.1
ACCESS: Logout: Gamer_cad/(Jaylen Costello)


Starting up. 23:09.49
---------------------

ADMIN: Loading jobban_rank
ADMIN: jobban_keylist was empty
ADMIN: Updating jobbanfile!
ADMIN: Loading Banlist
ACCESS: Login: Gamer_cad/(Gamer_cad) from 127.0.0.1
ADMIN: Gamer_cad has started the game.
ACCESS: Logout: *no client*/(Gamer_cad)
ACCESS: Login: Gamer_cad/(Jaylen Costello) from 127.0.0.1
ACCESS: Logout: Gamer_cad/(Jaylen Costello)


Starting up. 23:14.21
---------------------

ADMIN: Loading jobban_rank
ADMIN: jobban_keylist was empty
ADMIN: Updating jobbanfile!
ADMIN: Loading Banlist
ACCESS: Login: Gamer_cad/(Gamer_cad) from 127.0.0.1
ADMIN: Gamer_cad has started the game.
ACCESS: Logout: *no client*/(Gamer_cad)
ACCESS: Login: Gamer_cad/(Jaylen Costello) from 127.0.0.1
ACCESS: Logout: Gamer_cad/(Jaylen Costello)


Starting up. 23:18.28
---------------------

ADMIN: Loading jobban_rank
ADMIN: jobban_keylist was empty
ADMIN: Updating jobbanfile!
ADMIN: Loading Banlist
ACCESS: Login: Gamer_cad/(Gamer_cad) from 127.0.0.1
ADMIN: Gamer_cad has started the game.
ACCESS: Logout: *no client*/(Gamer_cad)
ACCESS: Login: Gamer_cad/(Jaylen Costello) from 127.0.0.1
ACCESS: Logout: Gamer_cad/(Jaylen Costello)


Starting up. 23:36.20
---------------------

ADMIN: Loading jobban_rank
ADMIN: jobban_keylist was empty
ADMIN: Updating jobbanfile!
ADMIN: Loading Banlist
ACCESS: Login: Gamer_cad/(Gamer_cad) from 127.0.0.1
ADMIN: Gamer_cad has started the game.
ACCESS: Logout: *no client*/(Gamer_cad)
ACCESS: Login: Gamer_cad/(Jaylen Costello) from 127.0.0.1
ACCESS: Logout: Gamer_cad/(Jaylen Costello)
