

Starting up. 22:34.02
---------------------

ADMIN: Loading jobban_rank
ADMIN: jobban_keylist was empty
ADMIN: Updating jobbanfile!
ADMIN: Loading Banlist
ACCESS: Login: Gamer_cad/(Gamer_cad) from 127.0.0.1
ADMIN: Gamer_cad has started the game.
ACCESS: Logout: *no client*/(Gamer_cad)
ACCESS: Login: Gamer_cad/(Jaylen Costello) from 127.0.0.1
ADMIN: Gamer_cad/(Jaylen Costello) jumped to 97,131,1 in Port Primary Hallway
ADMIN: Gamer_cad/(Jaylen Costello) jumped to 112,120,1 in EVA Storage
ADMIN: Gamer_cad/(Jaylen Costello) jumped to 107,117,1 in Aft Primary Hallway
ADMIN: Gamer_cad/(Jaylen Costello) spawned /obj/scavenging/item/example at (121,111,1)
ADMIN: Gamer_cad/(Jaylen Costello) spawned /obj/scavenging/item/example at (121,111,1)
ACCESS: Logout: Gamer_cad/(Jaylen Costello)


Starting up. 22:45.10
---------------------

ADMIN: Loading jobban_rank
ADMIN: jobban_keylist was empty
ADMIN: Updating jobbanfile!
ADMIN: Loading Banlist
ACCESS: Login: Gamer_cad/(Gamer_cad) from 127.0.0.1
ADMIN: Gamer_cad has started the game.
ACCESS: Logout: *no client*/(Gamer_cad)
ACCESS: Login: Gamer_cad/(Jaylen Costello) from 127.0.0.1
ADMIN: Gamer_cad/(Jaylen Costello) spawned /obj/scavenging/item/example at (122,99,1)
ACCESS: Logout: Gamer_cad/(Jaylen Costello)


Starting up. 22:51.49
---------------------

ADMIN: Loading jobban_rank
ADMIN: jobban_keylist was empty
ADMIN: Updating jobbanfile!
ADMIN: Loading Banlist


Starting up. 22:52.06
---------------------

ADMIN: Loading jobban_rank
ADMIN: jobban_keylist was empty
ADMIN: Updating jobbanfile!
ADMIN: Loading Banlist
ACCESS: Login: Gamer_cad/(Gamer_cad) from 127.0.0.1
ADMIN: Gamer_cad has started the game.
ACCESS: Logout: *no client*/(Gamer_cad)
ACCESS: Login: Gamer_cad/(Jaylen Costello) from 127.0.0.1
ADMIN: Gamer_cad/(Jaylen Costello) spawned /obj/scavenging/item/example at (122,99,1)
ACCESS: Logout: Gamer_cad/(Jaylen Costello)


Starting up. 22:57.55
---------------------

ADMIN: Loading jobban_rank
ADMIN: jobban_keylist was empty
ADMIN: Updating jobbanfile!
ADMIN: Loading Banlist
ACCESS: Login: Gamer_cad/(Gamer_cad) from 127.0.0.1
ADMIN: Gamer_cad has started the game.
ACCESS: Logout: *no client*/(Gamer_cad)
ACCESS: Login: Gamer_cad/(Jaylen Costello) from 127.0.0.1
ADMIN: Gamer_cad/(Jaylen Costello) spawned /obj/scavenging/item/example at (122,99,1)
ACCESS: Logout: Gamer_cad/(Jaylen Costello)


Starting up. 23:03.14
---------------------

ADMIN: Loading jobban_rank
ADMIN: jobban_keylist was empty
ADMIN: Updating jobbanfile!
ADMIN: Loading Banlist
ACCESS: Login: Gamer_cad/(Gamer_cad) from 127.0.0.1
ADMIN: Gamer_cad has started the game.
ACCESS: Logout: *no client*/(Gamer_cad)
ACCESS: Login: Gamer_cad/(Jaylen Costello) from 127.0.0.1
ADMIN: Gamer_cad/(Jaylen Costello) spawned /obj/scavenging/item/example at (122,99,1)
ACCESS: Logout: Gamer_cad/(Jaylen Costello)


Starting up. 23:13.05
---------------------

ADMIN: Loading jobban_rank
ADMIN: jobban_keylist was empty
ADMIN: Updating jobbanfile!
ADMIN: Loading Banlist
ACCESS: Login: Gamer_cad/(Gamer_cad) from 127.0.0.1
ADMIN: Gamer_cad has started the game.
ACCESS: Logout: *no client*/(Gamer_cad)
ACCESS: Login: Gamer_cad/(Jaylen Costello) from 127.0.0.1
ADMIN: Gamer_cad/(Jaylen Costello) spawned /obj/scavenging/item/example at (122,99,1)
ADMIN: Gamer_cad/(Jaylen Costello) spawned /obj/scavenging/item/example at (122,100,1)
ADMIN: Gamer_cad/(Jaylen Costello) spawned /obj/scavenging/item/example at (123,100,1)
ADMIN: Gamer_cad/(Jaylen Costello) spawned /obj/scavenging/item/example at (123,99,1)
ADMIN: Gamer_cad/(Jaylen Costello) spawned /obj/scavenging/item/example at (123,99,1)
ADMIN: Gamer_cad/(Jaylen Costello) spawned /obj/scavenging/item/example at (123,100,1)
ADMIN: Gamer_cad/(Jaylen Costello) spawned /obj/scavenging/item/example at (123,100,1)
ADMIN: Gamer_cad/(Jaylen Costello) spawned /obj/scavenging/item/example at (122,101,1)
ADMIN: Gamer_cad/(Jaylen Costello) spawned /obj/scavenging/item/example at (122,101,1)
ADMIN: Gamer_cad/(Jaylen Costello) spawned /obj/scavenging/item/example at (122,101,1)
ADMIN: Gamer_cad/(Jaylen Costello) spawned /obj/scavenging/item/example at (122,100,1)
ADMIN: Gamer_cad/(Jaylen Costello) spawned /obj/scavenging/item/example at (122,100,1)
ADMIN: Gamer_cad/(Jaylen Costello) spawned /obj/scavenging/item/example at (122,100,1)
ADMIN: Gamer_cad/(Jaylen Costello) spawned /obj/scavenging/item/example at (122,100,1)
ADMIN: Gamer_cad/(Jaylen Costello) spawned /obj/scavenging/item/example at (122,100,1)
ADMIN: Gamer_cad/(Jaylen Costello) spawned /obj/scavenging/item/example at (122,100,1)
ADMIN: Gamer_cad/(Jaylen Costello) spawned /obj/scavenging/item/example at (123,101,1)
ADMIN: Gamer_cad/(Jaylen Costello) spawned /obj/scavenging/item/example at (123,101,1)
ADMIN: Gamer_cad/(Jaylen Costello) spawned /obj/scavenging/item/example at (123,101,1)
ADMIN: Gamer_cad/(Jaylen Costello) spawned /obj/scavenging/item/example at (123,101,1)
ADMIN: Gamer_cad/(Jaylen Costello) spawned /obj/scavenging/item/example at (123,101,1)
ADMIN: Gamer_cad/(Jaylen Costello) spawned /obj/scavenging/item/example at (123,101,1)
ADMIN: Gamer_cad/(Jaylen Costello) spawned /obj/scavenging/item/example at (122,100,1)
ADMIN: Gamer_cad/(Jaylen Costello) spawned /obj/scavenging/item/example at (122,100,1)
ADMIN: Gamer_cad/(Jaylen Costello) spawned /obj/scavenging/item/example at (122,100,1)
ADMIN: Gamer_cad/(Jaylen Costello) spawned /obj/scavenging/item/example at (122,100,1)
ADMIN: Gamer_cad/(Jaylen Costello) spawned /obj/scavenging/item/example at (122,100,1)
ADMIN: Gamer_cad/(Jaylen Costello) spawned /obj/scavenging/item/example at (121,100,1)
ADMIN: Gamer_cad/(Jaylen Costello) spawned /obj/scavenging/item/example at (121,100,1)
ADMIN: Gamer_cad/(Jaylen Costello) spawned /obj/scavenging/item/example at (121,100,1)
ADMIN: Gamer_cad/(Jaylen Costello) spawned /obj/scavenging/item/example at (121,100,1)
ADMIN: Gamer_cad/(Jaylen Costello) spawned /obj/scavenging/item/example at (121,100,1)
ADMIN: Gamer_cad/(Jaylen Costello) spawned /obj/scavenging/item/example at (121,100,1)
ADMIN: Gamer_cad/(Jaylen Costello) spawned /obj/scavenging/item/example at (121,99,1)
ADMIN: Gamer_cad/(Jaylen Costello) spawned /obj/scavenging/item/example at (121,99,1)
ADMIN: Gamer_cad/(Jaylen Costello) spawned /obj/scavenging/item/example at (121,99,1)
ADMIN: Gamer_cad/(Jaylen Costello) spawned /obj/scavenging/item/example at (121,99,1)
ADMIN: Gamer_cad/(Jaylen Costello) spawned /obj/scavenging/item/example at (121,99,1)
ADMIN: Gamer_cad/(Jaylen Costello) spawned /obj/scavenging/item/example at (121,99,1)
ADMIN: Gamer_cad/(Jaylen Costello) spawned /obj/scavenging/item/example at (121,99,1)
ACCESS: Logout: Gamer_cad/(Jaylen Costello)


Starting up. 23:20.49
---------------------

ADMIN: Loading jobban_rank
ADMIN: jobban_keylist was empty
ADMIN: Updating jobbanfile!
ADMIN: Loading Banlist
ACCESS: Login: Gamer_cad/(Gamer_cad) from 127.0.0.1
ADMIN: Gamer_cad has started the game.
ACCESS: Logout: *no client*/(Gamer_cad)
ACCESS: Login: Gamer_cad/(Jaylen Costello) from 127.0.0.1
ADMIN: Gamer_cad/(Jaylen Costello) spawned /obj/scavenging/item/example at (122,100,1)
ADMIN: Gamer_cad/(Jaylen Costello) spawned /obj/scavenging/item/example at (122,100,1)
ADMIN: Gamer_cad/(Jaylen Costello) spawned /obj/scavenging/item/example at (122,100,1)
ADMIN: Gamer_cad/(Jaylen Costello) spawned /obj/scavenging/item/example at (123,101,1)
ADMIN: Gamer_cad/(Jaylen Costello) spawned /obj/scavenging/item/example at (123,101,1)
ADMIN: Gamer_cad/(Jaylen Costello) spawned /obj/scavenging/item/example at (123,101,1)
ACCESS: Logout: Gamer_cad/(Jaylen Costello)


Starting up. 23:25.42
---------------------

ADMIN: Loading jobban_rank
ADMIN: jobban_keylist was empty
ADMIN: Updating jobbanfile!
ADMIN: Loading Banlist
ACCESS: Login: Gamer_cad/(Gamer_cad) from 127.0.0.1
ADMIN: Gamer_cad has started the game.
ACCESS: Logout: *no client*/(Gamer_cad)
ACCESS: Login: Gamer_cad/(Jaylen Costello) from 127.0.0.1
ADMIN: Gamer_cad/(Jaylen Costello) spawned /obj/scavenging/item/example at (122,99,1)
ADMIN: Gamer_cad/(Jaylen Costello) spawned /obj/scavenging/item/example at (122,100,1)
ADMIN: Gamer_cad/(Jaylen Costello) spawned /obj/scavenging/item/example at (122,100,1)
ADMIN: Gamer_cad/(Jaylen Costello) spawned /obj/scavenging/item/example at (122,100,1)
ACCESS: Logout: Gamer_cad/(Jaylen Costello)


Starting up. 23:28.18
---------------------

ADMIN: Loading jobban_rank
ADMIN: jobban_keylist was empty
ADMIN: Updating jobbanfile!
ADMIN: Loading Banlist
