

Starting up. 21:29.58
---------------------

ADMIN: Loading jobban_rank
ADMIN: jobban_keylist was empty
ADMIN: Updating jobbanfile!
ADMIN: Loading Banlist
ACCESS: Login: Gamer_cad/(Gamer_cad) from 127.0.0.1
ADMIN: Gamer_cad has started the game.
ACCESS: Logout: *no client*/(Gamer_cad)
ACCESS: Login: Gamer_cad/(Jaylen Costello) from 127.0.0.1
ADMIN: Gamer_cad/(Jaylen Costello) jumped to 117,104,1 in Aft Primary Hallway
ADMIN: Gamer_cad/(Jaylen Costello) deleted the wall at (45,151,1)
ADMIN: Gamer_cad/(Jaylen Costello) spawned /obj/machinery/computer/mining_shuttle at (43,155,1)
ADMIN: Gamer_cad/(Jaylen Costello) modified Mining Shuttle Nav Console's icon_state to shuttle
ADMIN: Gamer_cad/(Jaylen Costello) jumped to Arrival Shuttle
ADMIN: Gamer_cad/(Jaylen Costello) healed / revived Gamer_cad/(Jaylen Costello)
ADMIN: Gamer_cad/(Jaylen Costello) jumped to 40,137,1 in Planet Surface
ADMIN: Gamer_cad/(Jaylen Costello) jumped to 43,133,1 in Arrival Shuttle
ADMIN: Gamer_cad/(Jaylen Costello) jumped to 44,133,1 in Port Primary Hallway
ADMIN: Gamer_cad/(Jaylen Costello) jumped to 49,131,1 in Port Primary Hallway
ADMIN: Gamer_cad/(Jaylen Costello) jumped to 53,138,1 in Chapel
ADMIN: Gamer_cad/(Jaylen Costello) jumped to 49,145,1 in Chapel
ADMIN: Gamer_cad/(Jaylen Costello) jumped to 49,151,1 in Chapel
ACCESS: Logout: Gamer_cad/(Jaylen Costello)


Starting up. 21:36.09
---------------------

ADMIN: Loading jobban_rank
ADMIN: jobban_keylist was empty
ADMIN: Updating jobbanfile!
ADMIN: Loading Banlist
ACCESS: Login: Gamer_cad/(Gamer_cad) from 127.0.0.1
ADMIN: Gamer_cad has started the game.
ACCESS: Logout: *no client*/(Gamer_cad)
ACCESS: Login: Gamer_cad/(Jaylen Costello) from 127.0.0.1
ADMIN: Gamer_cad/(Jaylen Costello) jumped to 117,104,1 in Aft Primary Hallway
ADMIN: Gamer_cad/(Jaylen Costello) jumped to 115,111,1 in Aft Primary Hallway
ADMIN: Gamer_cad/(Jaylen Costello) jumped to 108,114,1 in Aft Primary Hallway
ADMIN: Gamer_cad/(Jaylen Costello) jumped to 103,121,1 in Mining
ADMIN: Gamer_cad/(Jaylen Costello) jumped to 99,124,1 in Mining
ADMIN: Gamer_cad/(Jaylen Costello) jumped to 99,125,1 in Bar
ADMIN: Gamer_cad/(Jaylen Costello) jumped to 95,131,1 in Port Primary Hallway
ADMIN: Gamer_cad/(Jaylen Costello) jumped to 59,137,1 in Secondary Civillian Hallway
ADMIN: Gamer_cad/(Jaylen Costello) jumped to 57,144,1 in Chapel
ADMIN: Gamer_cad/(Jaylen Costello) jumped to 53,149,1 in Chapel
ADMIN: Gamer_cad/(Jaylen Costello) jumped to 47,151,1 in Chapel
ADMIN: Gamer_cad/(Jaylen Costello) jumped to 45,151,1 in Mining Shuttle Planet
ADMIN: Gamer_cad/(Jaylen Costello) jumped to 43,155,1 in Mining Shuttle Planet
ADMIN: Gamer_cad/(Jaylen Costello) spawned /obj/machinery/computer/mining_shuttle at (43,155,1)
ADMIN: Gamer_cad/(Jaylen Costello) deleted the wall at (108,186,2)
ACCESS: Logout: Gamer_cad/(Jaylen Costello)


Starting up. 21:40.06
---------------------

ADMIN: Loading jobban_rank
ADMIN: jobban_keylist was empty
ADMIN: Updating jobbanfile!
ADMIN: Loading Banlist


Starting up. 21:43.39
---------------------

ADMIN: Loading jobban_rank
ADMIN: jobban_keylist was empty
ADMIN: Updating jobbanfile!
ADMIN: Loading Banlist


Starting up. 21:44.02
---------------------

ADMIN: Loading jobban_rank
ADMIN: jobban_keylist was empty
ADMIN: Updating jobbanfile!
ADMIN: Loading Banlist
ACCESS: Login: Gamer_cad/(Gamer_cad) from 127.0.0.1
ADMIN: Gamer_cad has started the game.
ACCESS: Logout: *no client*/(Gamer_cad)
ACCESS: Login: Gamer_cad/(Jaylen Costello) from 127.0.0.1
ADMIN: Gamer_cad/(Jaylen Costello) jumped to 117,104,1 in Aft Primary Hallway
ADMIN: Gamer_cad/(Jaylen Costello) jumped to 114,112,1 in Aft Primary Hallway
ADMIN: Gamer_cad/(Jaylen Costello) jumped to 107,115,1 in Aft Primary Hallway
ADMIN: Gamer_cad/(Jaylen Costello) jumped to 105,126,1 in Central Primary Hallway
ADMIN: Gamer_cad/(Jaylen Costello) jumped to 99,132,1 in Port Primary Hallway
ADMIN: Gamer_cad/(Jaylen Costello) jumped to 51,140,1 in Chapel
ADMIN: Gamer_cad/(Jaylen Costello) jumped to 45,151,1 in Mining Shuttle Planet
ADMIN: Gamer_cad/(Jaylen Costello) jumped to 43,152,1 in Mining Shuttle Planet
ADMIN: Gamer_cad/(Jaylen Costello) spawned /obj/machinery/computer/mining_shuttle at (43,155,1)
ADMIN: Gamer_cad/(Jaylen Costello) deleted the wall at (108,186,2)
ADMIN: Gamer_cad/(Jaylen Costello) modified Mining Shuttle Nav Console's moving to 0
ACCESS: Logout: Gamer_cad/(Jaylen Costello)


Starting up. 21:50.21
---------------------

ADMIN: Loading jobban_rank
ADMIN: jobban_keylist was empty
ADMIN: Updating jobbanfile!
ADMIN: Loading Banlist
ACCESS: Login: Gamer_cad/(Gamer_cad) from 127.0.0.1
ADMIN: Gamer_cad has started the game.
ACCESS: Logout: *no client*/(Gamer_cad)
ACCESS: Login: Gamer_cad/(Jaylen Costello) from 127.0.0.1
ADMIN: Gamer_cad/(Jaylen Costello) jumped to 117,105,1 in Aft Primary Hallway
ADMIN: Gamer_cad/(Jaylen Costello) jumped to 104,127,1 in Central Primary Hallway
ADMIN: Gamer_cad/(Jaylen Costello) jumped to 94,132,1 in Port Primary Hallway
ADMIN: Gamer_cad/(Jaylen Costello) jumped to 50,140,1 in Chapel
ADMIN: Gamer_cad/(Jaylen Costello) jumped to 43,153,1 in Mining Shuttle Planet
ACCESS: Logout: Gamer_cad/(Jaylen Costello)


Starting up. 21:57.40
---------------------

ADMIN: Loading jobban_rank
ADMIN: jobban_keylist was empty
ADMIN: Updating jobbanfile!
ADMIN: Loading Banlist
ACCESS: Login: Gamer_cad/(Gamer_cad) from 127.0.0.1
ADMIN: Gamer_cad has started the game.
ACCESS: Logout: *no client*/(Gamer_cad)
ACCESS: Login: Gamer_cad/(Jaylen Costello) from 127.0.0.1
ADMIN: Gamer_cad/(Jaylen Costello) jumped to 117,104,1 in Aft Primary Hallway
ADMIN: Gamer_cad/(Jaylen Costello) jumped to 114,112,1 in Aft Primary Hallway
ADMIN: Gamer_cad/(Jaylen Costello) jumped to 106,116,1 in Aft Primary Hallway
ADMIN: Gamer_cad/(Jaylen Costello) jumped to 104,126,1 in Central Primary Hallway
ADMIN: Gamer_cad/(Jaylen Costello) jumped to 97,133,1 in Port Primary Hallway
ADMIN: Gamer_cad/(Jaylen Costello) jumped to 83,132,1 in Port Primary Hallway
ADMIN: Gamer_cad/(Jaylen Costello) jumped to 61,133,1 in Port Primary Hallway
ADMIN: Gamer_cad/(Jaylen Costello) jumped to 50,140,1 in Chapel
ADMIN: Gamer_cad/(Jaylen Costello) jumped to 47,151,1 in Chapel
ACCESS: Logout: Gamer_cad/(Jaylen Costello)
