

Starting up. 18:44.46
---------------------

ADMIN: Loading jobban_rank
ADMIN: jobban_keylist was empty
ADMIN: Updating jobbanfile!
ADMIN: Loading Banlist
ACCESS: Login: Gamer_cad/(Gamer_cad) from 127.0.0.1
ADMIN: Gamer_cad has started the game.
ACCESS: Logout: *no client*/(Gamer_cad)
ACCESS: Login: Gamer_cad/(Jaylen Costello) from 127.0.0.1
ADMIN: Gamer_cad/(Jaylen Costello) jumped to 152,132,1 in Mars
ADMIN: Gamer_cad/(Jaylen Costello) jumped to 149,127,1 in Toxin Lab
ADMIN: Gamer_cad/(Jaylen Costello) jumped to 148,123,1 in Toxin Storage
ADMIN: Gamer_cad/(Jaylen Costello) jumped to 141,128,1 in Toxin Lab
ADMIN: Gamer_cad/(Jaylen Costello) jumped to 140,129,1 in Toxin Lab
ADMIN: Gamer_cad/(Jaylen Costello) spawned /obj/tram/powered at (110,126,1)
ADMIN: Gamer_cad/(Jaylen Costello) spawned /obj/tram/passenger at (109,126,1)
ADMIN: Gamer_cad/(Jaylen Costello) spawned /obj/tram/passenger at (108,126,1)
ADMIN: Gamer_cad/(Jaylen Costello) spawned /obj/tram/powered at (61,131,1)
ACCESS: Logout: Gamer_cad/(Jaylen Costello)


Starting up. 19:29.52
---------------------

ADMIN: Loading jobban_rank
ADMIN: jobban_keylist was empty
ADMIN: Updating jobbanfile!
ADMIN: Loading Banlist
ACCESS: Login: Gamer_cad/(Gamer_cad) from 127.0.0.1
ADMIN: Gamer_cad has started the game.
ACCESS: Logout: *no client*/(Gamer_cad)
ACCESS: Login: Gamer_cad/(Jaylen Costello) from 127.0.0.1
ADMIN: Gamer_cad/(Jaylen Costello) jumped to 105,165,1 in Head of Staff's Quarters
ADMIN: Gamer_cad/(Jaylen Costello) spawned /obj/tram/powered at (103,138,1)
ADMIN: Gamer_cad/(Jaylen Costello) spawned /obj/tram/passenger at (108,126,1)
ADMIN: Gamer_cad/(Jaylen Costello) spawned /obj/tram/passenger at (109,126,1)
ADMIN: Gamer_cad/(Jaylen Costello) spawned /obj/tram/powered at (106,145,1)
ACCESS: Logout: Gamer_cad/(Jaylen Costello)


Starting up. 19:41.50
---------------------

ADMIN: Loading jobban_rank
ADMIN: jobban_keylist was empty
ADMIN: Updating jobbanfile!
ADMIN: Loading Banlist
ACCESS: Login: Gamer_cad/(Gamer_cad) from 127.0.0.1
ADMIN: Gamer_cad has started the game.
ACCESS: Logout: *no client*/(Gamer_cad)
ACCESS: Login: Gamer_cad/(Jaylen Costello) from 127.0.0.1
ADMIN: Gamer_cad/(Jaylen Costello) jumped to 118,103,1 in Aft Primary Hallway
ADMIN: Gamer_cad/(Jaylen Costello) jumped to 107,116,1 in Aft Primary Hallway
ADMIN: Gamer_cad/(Jaylen Costello) spawned /obj/structure/tramline at (107,126,1)
ADMIN: Gamer_cad/(Jaylen Costello) spawned /obj/structure/tramline at (106,126,1)
ADMIN: Gamer_cad/(Jaylen Costello) spawned /obj/tram/powered at (107,126,1)
ADMIN: Gamer_cad/(Jaylen Costello) spawned /obj/tram/passenger at (106,126,1)
ADMIN: Gamer_cad/(Jaylen Costello) spawned /obj/tram at (105,126,1)
ADMIN: Gamer_cad/(Jaylen Costello) deleted Tram at (60,133,1)
ADMIN: Gamer_cad/(Jaylen Costello) spawned /obj/tram/powered at (60,133,1)
ADMIN: Gamer_cad/(Jaylen Costello) spawned /obj/tram/powered at (94,133,1)
ADMIN: Gamer_cad/(Jaylen Costello) spawned /obj/tram/passenger at (95,133,1)
ADMIN: Gamer_cad/(Jaylen Costello) spawned /obj/tram/powered at (95,133,1)
ADMIN: Gamer_cad/(Jaylen Costello) spawned /obj/tram/passenger at (94,133,1)
ADMIN: Gamer_cad/(Jaylen Costello) spawned /obj/tram/passenger at (93,133,1)
ADMIN: Gamer_cad/(Jaylen Costello) spawned /obj/tram/powered at (92,133,1)
ADMIN: Gamer_cad/(Jaylen Costello) modified Tram Car's dir to 8
ADMIN: Gamer_cad/(Jaylen Costello) modified Passenger car's dir to 8
ADMIN: Gamer_cad/(Jaylen Costello) modified Passenger car's dir to 1
ADMIN: Gamer_cad/(Jaylen Costello) spawned /obj/tram/powered at (94,133,1)
ADMIN: Gamer_cad/(Jaylen Costello) jumped to 85,132,1 in Port Primary Hallway
ADMIN: Gamer_cad/(Jaylen Costello) jumped to 92,132,1 in Port Primary Hallway
ADMIN: Gamer_cad/(Jaylen Costello) spawned /obj/tram/passenger at (56,131,1)
ADMIN: Gamer_cad/(Jaylen Costello) spawned /obj/tram/passenger at (57,131,1)
ADMIN: Gamer_cad/(Jaylen Costello) spawned /obj/machinery/door/unpowered at (58,131,1)
ADMIN: Gamer_cad/(Jaylen Costello) spawned /obj/tram/powered at (58,131,1)
ACCESS: Logout: Gamer_cad/(Jaylen Costello)


Starting up. 20:02.13
---------------------

ADMIN: Loading jobban_rank
ADMIN: jobban_keylist was empty
ADMIN: Updating jobbanfile!
ADMIN: Loading Banlist
ACCESS: Login: Gamer_cad/(Gamer_cad) from 127.0.0.1
ACCESS: Logout: *no client*/(Gamer_cad)
ACCESS: Login: Gamer_cad/(observer) from 127.0.0.1
ADMIN: Gamer_cad has started the game.
ADMIN: Gamer_cad/(Jaylen Costello) initiated an immediate reboot.
ACCESS: Logout: Gamer_cad/(Jaylen Costello)


Starting up. 20:02.56
---------------------

ADMIN: Loading jobban_rank
ADMIN: jobban_keylist was empty
ADMIN: Updating jobbanfile!
ADMIN: Loading Banlist


Starting up. 20:06.46
---------------------

ADMIN: Loading jobban_rank
ADMIN: jobban_keylist was empty
ADMIN: Updating jobbanfile!
ADMIN: Loading Banlist
ACCESS: Login: Gamer_cad/(Gamer_cad) from 127.0.0.1
ADMIN: Gamer_cad has started the game.
ACCESS: Logout: *no client*/(Gamer_cad)
ACCESS: Login: Gamer_cad/(Jaylen Costello) from 127.0.0.1
ADMIN: Gamer_cad/(Jaylen Costello) jumped to 60,132,1 in Port Primary Hallway
ADMIN: Gamer_cad/(Jaylen Costello) spawned /obj/tram/powered at (64,131,1)
ADMIN: Gamer_cad/(Jaylen Costello) spawned /obj/tram/passenger at (63,131,1)
ADMIN: Gamer_cad/(Jaylen Costello) spawned /obj/tram/passenger at (92,133,1)
ACCESS: Logout: Gamer_cad/(Jaylen Costello)


Starting up. 21:26.08
---------------------

ADMIN: Loading jobban_rank
ADMIN: jobban_keylist was empty
ADMIN: Updating jobbanfile!
ADMIN: Loading Banlist
ACCESS: Login: Gamer_cad/(Gamer_cad) from 127.0.0.1
ADMIN: Gamer_cad has started the game.
ACCESS: Logout: *no client*/(Gamer_cad)
ACCESS: Login: Gamer_cad/(Jaylen Costello) from 127.0.0.1
ADMIN: Gamer_cad/(Jaylen Costello) jumped to 141,128,1 in Toxin Lab
ADMIN: Gamer_cad/(Jaylen Costello) jumped to 140,129,1 in Toxin Lab
ADMIN: Gamer_cad/(Jaylen Costello) jumped to 112,131,1 in Central Primary Hallway
ADMIN: Gamer_cad/(Jaylen Costello) spawned /obj/tram/powered at (91,133,1)
ADMIN: Gamer_cad/(Jaylen Costello) spawned /obj/tram/passenger at (90,133,1)
ADMIN: Gamer_cad/(Jaylen Costello) spawned /obj/tram/passenger at (89,133,1)
ACCESS: Logout: Gamer_cad/(Jaylen Costello)


Starting up. 21:37.15
---------------------

ADMIN: Loading jobban_rank
ADMIN: jobban_keylist was empty
ADMIN: Updating jobbanfile!
ADMIN: Loading Banlist
ACCESS: Login: Gamer_cad/(Gamer_cad) from 127.0.0.1
ADMIN: Gamer_cad has started the game.
ACCESS: Logout: *no client*/(Gamer_cad)
ACCESS: Login: Gamer_cad/(Jaylen Costello) from 127.0.0.1
ADMIN: Gamer_cad/(Jaylen Costello) jumped to 95,131,1 in Port Primary Hallway
ADMIN: Gamer_cad/(Jaylen Costello) spawned /obj/tram/powered at (95,131,1)
ADMIN: Gamer_cad/(Jaylen Costello) spawned /obj/tram/passenger at (94,131,1)
ADMIN: Gamer_cad/(Jaylen Costello) spawned /obj/tram/passenger at (93,131,1)
ACCESS: Logout: Gamer_cad/(Passenger car)


Starting up. 21:41.27
---------------------

ADMIN: Loading jobban_rank
ADMIN: jobban_keylist was empty
ADMIN: Updating jobbanfile!
ADMIN: Loading Banlist
ACCESS: Login: Gamer_cad/(Gamer_cad) from 127.0.0.1
ADMIN: Gamer_cad has started the game.
ACCESS: Logout: *no client*/(Gamer_cad)
ACCESS: Login: Gamer_cad/(Jaylen Costello) from 127.0.0.1
ADMIN: Gamer_cad/(Jaylen Costello) jumped to 116,131,1 in Starboard Primary Hallway
ADMIN: Gamer_cad/(Jaylen Costello) jumped to 109,126,1 in Central Primary Hallway
ADMIN: Gamer_cad/(Jaylen Costello) spawned /obj/tram/powered at (109,126,1)
ADMIN: Gamer_cad/(Jaylen Costello) spawned /obj/tram/passenger at (108,126,1)
ADMIN: Gamer_cad/(Jaylen Costello) spawned /obj/tram/passenger at (107,126,1)
ADMIN: Gamer_cad/(Jaylen Costello) deleted Officer Beepsky at (60,133,1)
ACCESS: Logout: Gamer_cad/(Jaylen Costello)


Starting up. 21:46.10
---------------------

ADMIN: Loading jobban_rank
ADMIN: jobban_keylist was empty
ADMIN: Updating jobbanfile!
ADMIN: Loading Banlist
ACCESS: Login: Gamer_cad/(Gamer_cad) from 127.0.0.1
ADMIN: Gamer_cad has started the game.
ACCESS: Logout: *no client*/(Gamer_cad)
ACCESS: Login: Gamer_cad/(Jaylen Costello) from 127.0.0.1
ADMIN: Gamer_cad/(Jaylen Costello) jumped to 128,115,1 in Medical Research
ADMIN: Gamer_cad/(Jaylen Costello) jumped to 124,120,1 in Medbay
ADMIN: Gamer_cad/(Jaylen Costello) jumped to 120,125,1 in Medbay
ADMIN: Gamer_cad/(Jaylen Costello) jumped to 119,132,1 in Starboard Primary Hallway
ADMIN: Gamer_cad/(Jaylen Costello) jumped to 112,133,1 in Central Primary Hallway
ADMIN: Gamer_cad/(Jaylen Costello) spawned /obj/tram/powered at (112,133,1)
ADMIN: Gamer_cad/(Jaylen Costello) spawned /obj/tram/passenger at (91,131,1)
ADMIN: Gamer_cad/(Jaylen Costello) spawned /obj/tram/passenger at (106,142,1)
ACCESS: Logout: Gamer_cad/(Jaylen Costello)


Starting up. 22:01.14
---------------------

ADMIN: Loading jobban_rank
ADMIN: jobban_keylist was empty
ADMIN: Updating jobbanfile!
ADMIN: Loading Banlist
ACCESS: Login: Gamer_cad/(Gamer_cad) from 127.0.0.1
ADMIN: Gamer_cad has started the game.
ACCESS: Logout: *no client*/(Gamer_cad)
ACCESS: Login: Gamer_cad/(Gamer_cad) from 127.0.0.1
ADMIN: Gamer_cad/(Super 17) initiated an immediate reboot.
ACCESS: Logout: Gamer_cad/(Super 17)


Starting up. 22:02.04
---------------------

ADMIN: Loading jobban_rank
ADMIN: jobban_keylist was empty
ADMIN: Updating jobbanfile!
ADMIN: Loading Banlist
ACCESS: Login: Gamer_cad/(Gamer_cad) from 192.168.1.85
ACCESS: Logout: Gamer_cad/(Gamer_cad)
ACCESS: Login: Gamer_cad/(Gamer_cad) from 192.168.1.85
ADMIN: Gamer_cad has started the game.
ACCESS: Logout: *no client*/(Gamer_cad)
ACCESS: Login: Gamer_cad/(Jaylen Costello) from 192.168.1.85
ADMIN: Gamer_cad/(Jaylen Costello) jumped to 94,131,1 in Port Primary Hallway
ADMIN: Gamer_cad/(Jaylen Costello) spawned /obj/tram/powered at (94,131,1)
ACCESS: Logout: Gamer_cad/(Jaylen Costello)


Starting up. 22:11.15
---------------------

ADMIN: Loading jobban_rank
ADMIN: jobban_keylist was empty
ADMIN: Updating jobbanfile!
ADMIN: Loading Banlist
ACCESS: Login: Gamer_cad/(Gamer_cad) from 127.0.0.1
ADMIN: Gamer_cad has started the game.
ACCESS: Logout: *no client*/(Gamer_cad)
ACCESS: Login: Gamer_cad/(Jaylen Costello) from 127.0.0.1
ADMIN: Gamer_cad/(Jaylen Costello) jumped to 93,131,1 in Port Primary Hallway
ADMIN: Gamer_cad/(Jaylen Costello) spawned /obj/tram/powered at (93,131,1)
SAY: Jaylen Costello/Gamer_cad : -----------------------------------
ADMIN: Gamer_cad/(Jaylen Costello) spawned /turf/simulated/wall at (58,133,1)
ADMIN: Gamer_cad/(Jaylen Costello) spawned /obj/secure_closet/wall at (50,133,1)
ACCESS: Logout: Gamer_cad/(Jaylen Costello)
ACCESS: Login: Gamer_cad/(Jaylen Costello) from 127.0.0.1
ACCESS: Logout: Gamer_cad/(Jaylen Costello)
ACCESS: Login: Gamer_cad/(Jaylen Costello) from 127.0.0.1
ACCESS: Logout: Gamer_cad/(Jaylen Costello)


Starting up. 22:20.28
---------------------

ADMIN: Loading jobban_rank
ADMIN: jobban_keylist was empty
ADMIN: Updating jobbanfile!
ADMIN: Loading Banlist
ACCESS: Login: Gamer_cad/(Gamer_cad) from 127.0.0.1
ADMIN: Gamer_cad has started the game.
ACCESS: Logout: *no client*/(Gamer_cad)
ACCESS: Login: Gamer_cad/(Jaylen Costello) from 127.0.0.1
ADMIN: Gamer_cad/(Jaylen Costello) jumped to 93,131,1 in Port Primary Hallway
ADMIN: Gamer_cad/(Jaylen Costello) spawned /obj/tram/powered at (93,131,1)
ADMIN: Gamer_cad/(Jaylen Costello) spawned /obj/tram/passenger at (92,131,1)
ADMIN: Gamer_cad/(Jaylen Costello) spawned /obj/tram/passenger at (91,131,1)
ACCESS: Logout: Gamer_cad/(Jaylen Costello)


Starting up. 22:23.46
---------------------

ADMIN: Loading jobban_rank
ADMIN: jobban_keylist was empty
ADMIN: Updating jobbanfile!
ADMIN: Loading Banlist
ACCESS: Login: Gamer_cad/(Gamer_cad) from 127.0.0.1
ADMIN: Gamer_cad has started the game.
ACCESS: Logout: *no client*/(Gamer_cad)
ACCESS: Login: Gamer_cad/(Jaylen Costello) from 127.0.0.1
ADMIN: Gamer_cad/(Jaylen Costello) jumped to 94,131,1 in Port Primary Hallway
ADMIN: Gamer_cad/(Jaylen Costello) spawned /obj/tram/powered at (94,131,1)
ADMIN: Gamer_cad/(Jaylen Costello) spawned /obj/tram/passenger at (93,131,1)
ADMIN: Gamer_cad/(Jaylen Costello) spawned /obj/tram/passenger at (92,131,1)
ACCESS: Logout: Gamer_cad/(Jaylen Costello)
