

Starting up. 15:40.59
---------------------

ADMIN: Loading jobban_rank
ADMIN: jobban_keylist was empty
ADMIN: Updating jobbanfile!
ADMIN: Loading Banlist
ACCESS: Login: Gamer_cad/(Gamer_cad) from 127.0.0.1
ADMIN: Gamer_cad has started the game.
ACCESS: Logout: *no client*/(Gamer_cad)
ACCESS: Login: Gamer_cad/(Jaylen Costello) from 127.0.0.1
ADMIN: Gamer_cad/(Jaylen Costello) jumped to 94,131,1 in Port Primary Hallway
ADMIN: Gamer_cad/(Jaylen Costello) spawned /obj/tram/freight at (94,131,1)
ADMIN: Gamer_cad/(Jaylen Costello) spawned /obj/crate/eva at (94,132,1)
ADMIN: Gamer_cad/(Jaylen Costello) modified Cargo car's icon_state to freight_empty
ADMIN: Gamer_cad/(Jaylen Costello) spawned /obj/tram/powered at (95,131,1)
ACCESS: Logout: Gamer_cad/(Jaylen Costello)


Starting up. 15:52.16
---------------------

ADMIN: Loading jobban_rank
ADMIN: jobban_keylist was empty
ADMIN: Updating jobbanfile!
ADMIN: Loading Banlist
ACCESS: Login: Gamer_cad/(Gamer_cad) from 127.0.0.1
ADMIN: Gamer_cad has started the game.
ACCESS: Logout: *no client*/(Gamer_cad)
ACCESS: Login: Gamer_cad/(Jaylen Costello) from 127.0.0.1
ADMIN: Gamer_cad/(Jaylen Costello) jumped to 94,131,1 in Port Primary Hallway
ADMIN: Gamer_cad/(Jaylen Costello) spawned /obj/tram/freight at (94,131,1)
ACCESS: Logout: Gamer_cad/(Jaylen Costello)


Starting up. 15:53.33
---------------------

ADMIN: Loading jobban_rank
ADMIN: jobban_keylist was empty
ADMIN: Updating jobbanfile!
ADMIN: Loading Banlist
ACCESS: Login: Gamer_cad/(Gamer_cad) from 127.0.0.1
ADMIN: Gamer_cad has started the game.
ACCESS: Logout: *no client*/(Gamer_cad)
ACCESS: Login: Gamer_cad/(Jaylen Costello) from 127.0.0.1
ADMIN: Gamer_cad/(Jaylen Costello) jumped to 94,131,1 in Port Primary Hallway
ADMIN: Gamer_cad/(Jaylen Costello) spawned /obj/tram/freight at (94,131,1)
ADMIN: Gamer_cad/(Jaylen Costello) spawned /obj/tram/powered at (95,131,1)
ADMIN: Gamer_cad/(Jaylen Costello) spawned /obj/crate/eva at (84,132,1)
ADMIN: Gamer_cad/(Jaylen Costello) spawned /obj/crate/eva at (58,132,1)
ADMIN: Gamer_cad/(Jaylen Costello) spawned /obj/crate/medical at (58,132,1)
ADMIN: Gamer_cad/(Jaylen Costello) spawned /obj/tram/freight at (57,131,1)
ADMIN: Gamer_cad/(Jaylen Costello) spawned /obj/tram/freight at (56,131,1)
ADMIN: Gamer_cad/(Jaylen Costello) spawned /obj/crate/rcd at (57,132,1)
ADMIN: Gamer_cad/(Jaylen Costello) spawned /obj/crate/freezer at (56,132,1)
ADMIN: Gamer_cad/(Jaylen Costello) spawned /obj/crate/secure/plasma at (56,132,1)
ACCESS: Logout: Gamer_cad/(Jaylen Costello)


Starting up. 16:09.12
---------------------

ADMIN: Loading jobban_rank
ADMIN: jobban_keylist was empty
ADMIN: Updating jobbanfile!
ADMIN: Loading Banlist
ACCESS: Login: Gamer_cad/(Gamer_cad) from 127.0.0.1
ADMIN: Gamer_cad has started the game.
ACCESS: Logout: *no client*/(Gamer_cad)
ACCESS: Login: Gamer_cad/(Jaylen Costello) from 127.0.0.1
ADMIN: Gamer_cad/(Jaylen Costello) jumped to 94,131,1 in Port Primary Hallway
ADMIN: Gamer_cad/(Jaylen Costello) deleted Tram Rail at (96,131,1)
ADMIN: Gamer_cad/(Jaylen Costello) spawned /obj/structure/tramline/brake at (96,131,1)
ADMIN: Gamer_cad/(Jaylen Costello) spawned /obj/tram/powered at (94,131,1)
ADMIN: Gamer_cad/(Jaylen Costello) deleted Officer Beepsky at (68,133,1)
ACCESS: Logout: Gamer_cad/(Jaylen Costello)
ACCESS: Login: Gamer_cad/(Jaylen Costello) from 127.0.0.1
ACCESS: Logout: Gamer_cad/(Jaylen Costello)


Starting up. 18:22.10
---------------------

ADMIN: Loading jobban_rank
ADMIN: jobban_keylist was empty
ADMIN: Updating jobbanfile!
ADMIN: Loading Banlist
ACCESS: Login: Gamer_cad/(Gamer_cad) from 127.0.0.1
ADMIN: Gamer_cad has started the game.
ACCESS: Logout: *no client*/(Gamer_cad)
ACCESS: Login: Gamer_cad/(Jaylen Costello) from 127.0.0.1
ADMIN: Gamer_cad/(Jaylen Costello) jumped to 94,131,1 in Port Primary Hallway
ADMIN: Gamer_cad/(Jaylen Costello) spawned /obj/tram/powered at (94,131,1)
ADMIN: Gamer_cad/(Jaylen Costello) deleted Tram Rail at (107,126,1)
ADMIN: Gamer_cad/(Jaylen Costello) spawned /obj/structure/tramline at (107,125,1)
ADMIN: Gamer_cad/(Jaylen Costello) modified Tram Rail's dir to 2
ADMIN: Gamer_cad/(Jaylen Costello) spawned /obj/structure/tramline/points/SEW at (107,126,1)
ADMIN: Gamer_cad/(Jaylen Costello) modified Tram Rail's active_dir to 10
ACCESS: Logout: Gamer_cad/(Jaylen Costello)


Starting up. 18:45.31
---------------------

ADMIN: Loading jobban_rank
ADMIN: jobban_keylist was empty
ADMIN: Updating jobbanfile!
ADMIN: Loading Banlist
ACCESS: Login: Gamer_cad/(Gamer_cad) from 127.0.0.1
ACCESS: Logout: *no client*/(Gamer_cad)
ACCESS: Login: Gamer_cad/(Jaylen Costello) from 127.0.0.1
ADMIN: Gamer_cad/(Jaylen Costello) jumped to 94,131,1 in Port Primary Hallway
ADMIN: Gamer_cad/(Jaylen Costello) deleted Tram Rail at (97,131,1)
ADMIN: Gamer_cad/(Jaylen Costello) spawned /obj/structure/tramline/brake at (97,131,1)
ADMIN: Gamer_cad/(Jaylen Costello) deleted Tram Rail at (101,131,1)
ADMIN: Gamer_cad/(Jaylen Costello) spawned /obj/structure/tramline/points/SEW at (101,131,1)
ADMIN: Gamer_cad/(Jaylen Costello) spawned /obj/tram/powered at (89,131,1)
ACCESS: Logout: Gamer_cad/(Jaylen Costello)


Starting up. 19:04.58
---------------------

ADMIN: Loading jobban_rank
ADMIN: jobban_keylist was empty
ADMIN: Updating jobbanfile!
ADMIN: Loading Banlist
ACCESS: Login: Gamer_cad/(Gamer_cad) from 127.0.0.1
ADMIN: Gamer_cad has started the game.
ACCESS: Logout: *no client*/(Gamer_cad)
ACCESS: Login: Gamer_cad/(Jaylen Costello) from 127.0.0.1
ADMIN: Gamer_cad/(Jaylen Costello) jumped to 94,131,1 in Port Primary Hallway
ADMIN: Gamer_cad/(Jaylen Costello) deleted Tram Rail at (101,131,1)
ADMIN: Gamer_cad/(Jaylen Costello) spawned /obj/structure/tramline/points/SEW at (101,131,1)
ADMIN: Gamer_cad/(Jaylen Costello) spawned /obj/tram/powered at (96,131,1)
ACCESS: Logout: Gamer_cad/(Jaylen Costello)


Starting up. 19:09.27
---------------------

ADMIN: Loading jobban_rank
ADMIN: jobban_keylist was empty
ADMIN: Updating jobbanfile!
ADMIN: Loading Banlist
ACCESS: Login: Gamer_cad/(Gamer_cad) from 127.0.0.1
ADMIN: Gamer_cad has started the game.
ACCESS: Logout: *no client*/(Gamer_cad)
ACCESS: Login: Gamer_cad/(Jaylen Costello) from 127.0.0.1
ADMIN: Gamer_cad/(Jaylen Costello) jumped to 95,131,1 in Port Primary Hallway
ADMIN: Gamer_cad/(Jaylen Costello) deleted Tram Rail at (101,131,1)
ADMIN: Gamer_cad/(Jaylen Costello) spawned /obj/structure/tramline/points/SEW at (101,131,1)
ADMIN: Gamer_cad/(Jaylen Costello) spawned /obj/tram/powered at (95,131,1)
ADMIN: Gamer_cad/(Jaylen Costello) spawned /obj/decal/cleanable/blood/tracks at (101,130,1)
ADMIN: Gamer_cad/(Jaylen Costello) spawned /obj/structure/tramline at (101,130,1)
ADMIN: Gamer_cad/(Jaylen Costello) modified Tram Rail's dir to 2
ADMIN: Gamer_cad/(Jaylen Costello) modified Tram Rail's active_dir to 2
ADMIN: Gamer_cad/(Jaylen Costello) modified Tram Rail's anchored to 3
ADMIN: Gamer_cad/(Jaylen Costello) modified Tram Rail's active_dir to 2
ADMIN: Gamer_cad/(Jaylen Costello) modified Tram Rail's active_dir to 3
ADMIN: Gamer_cad/(Jaylen Costello) deleted Tram Rail at (100,134,1)
ADMIN: Gamer_cad/(Jaylen Costello) spawned /obj/structure/tramline at (100,134,1)
ADMIN: Gamer_cad/(Jaylen Costello) modified Tram Rail's dir to 2
ADMIN: Gamer_cad/(Jaylen Costello) spawned /obj/tram/powered at (96,133,1)
ACCESS: Logout: Gamer_cad/(Jaylen Costello)


Starting up. 19:34.24
---------------------

ADMIN: Loading jobban_rank
ADMIN: jobban_keylist was empty
ADMIN: Updating jobbanfile!
ADMIN: Loading Banlist
ACCESS: Login: Gamer_cad/(Gamer_cad) from 127.0.0.1
ADMIN: Gamer_cad has started the game.
ACCESS: Logout: *no client*/(Gamer_cad)
ACCESS: Login: Gamer_cad/(Jaylen Costello) from 127.0.0.1
ADMIN: Gamer_cad/(Jaylen Costello) jumped to 101,131,1 in Central Primary Hallway
ADMIN: Gamer_cad/(Jaylen Costello) deleted Tram Rail at (101,131,1)
ADMIN: Gamer_cad/(Jaylen Costello) spawned /obj/structure/tramline/points/SEW at (101,131,1)
ADMIN: Gamer_cad/(Jaylen Costello) spawned /obj/structure/tramline at (101,130,1)
ADMIN: Gamer_cad/(Jaylen Costello) modified Tram Rail's dir to 2
ADMIN: Gamer_cad/(Jaylen Costello) spawned /obj/tram/powered at (96,131,1)
ADMIN: Gamer_cad/(Jaylen Costello) deleted Tram Rail at (100,134,1)
ADMIN: Gamer_cad/(Jaylen Costello) deleted Officer Beepsky at (64,133,1)
ADMIN: Gamer_cad/(Jaylen Costello) spawned /obj/item/weapon/implantcase/tracking at (100,134,1)
ADMIN: Gamer_cad/(Jaylen Costello) spawned /obj/structure/tramline at (100,134,1)
ADMIN: Gamer_cad/(Jaylen Costello) modified Tram Rail's dir to 2
ACCESS: Logout: Gamer_cad/(Jaylen Costello)


Starting up. 19:39.40
---------------------

ADMIN: Loading jobban_rank
ADMIN: jobban_keylist was empty
ADMIN: Updating jobbanfile!
ADMIN: Loading Banlist
ACCESS: Login: Gamer_cad/(Gamer_cad) from 127.0.0.1
ADMIN: Gamer_cad has started the game.
ACCESS: Logout: *no client*/(Gamer_cad)
ACCESS: Login: Gamer_cad/(Jaylen Costello) from 127.0.0.1
ADMIN: Gamer_cad/(Jaylen Costello) jumped to 95,131,1 in Port Primary Hallway
ADMIN: Gamer_cad/(Jaylen Costello) spawned /obj/tram/powered at (95,131,1)
ADMIN: Gamer_cad/(Jaylen Costello) deleted Tram Rail at (101,131,1)
ADMIN: Gamer_cad/(Jaylen Costello) spawned /obj/structure/tramline/points/SEW at (101,131,1)
ADMIN: Gamer_cad/(Jaylen Costello) spawned /obj/structure/tramline at (101,130,1)
ADMIN: Gamer_cad/(Jaylen Costello) modified Tram Rail's dir to 2
ADMIN: Gamer_cad/(Jaylen Costello) modified Tram Rail's active_dir to 3
ADMIN: Gamer_cad/(Jaylen Costello) jumped to 86,133,1 in Port Primary Hallway
ACCESS: Logout: Gamer_cad/(Jaylen Costello)


Starting up. 19:45.37
---------------------

ADMIN: Loading jobban_rank
ADMIN: jobban_keylist was empty
ADMIN: Updating jobbanfile!
ADMIN: Loading Banlist
ACCESS: Login: Gamer_cad/(Gamer_cad) from 127.0.0.1
ADMIN: Gamer_cad has started the game.
ACCESS: Logout: *no client*/(Gamer_cad)
ACCESS: Login: Gamer_cad/(Jaylen Costello) from 127.0.0.1
ADMIN: Gamer_cad/(Jaylen Costello) jumped to 94,131,1 in Port Primary Hallway
ADMIN: Gamer_cad/(Jaylen Costello) spawned /obj/machinery/door/unpowered at (94,131,1)
ADMIN: Gamer_cad/(Jaylen Costello) spawned /obj/tram/powered at (93,131,1)
ACCESS: Logout: Gamer_cad/(Jaylen Costello)


Starting up. 19:49.34
---------------------

ADMIN: Loading jobban_rank
ADMIN: jobban_keylist was empty
ADMIN: Updating jobbanfile!
ADMIN: Loading Banlist
ACCESS: Login: Gamer_cad/(Gamer_cad) from 127.0.0.1
ADMIN: Gamer_cad has started the game.
ACCESS: Logout: *no client*/(Gamer_cad)
ACCESS: Login: Gamer_cad/(Jaylen Costello) from 127.0.0.1
ADMIN: Gamer_cad/(Jaylen Costello) jumped to 95,131,1 in Port Primary Hallway
ADMIN: Gamer_cad/(Jaylen Costello) spawned /obj/tram/powered at (95,131,1)
ADMIN: Gamer_cad/(Jaylen Costello) jumped to 74,133,1 in Port Primary Hallway
ADMIN: Gamer_cad/(Jaylen Costello) jumped to 90,133,1 in Port Primary Hallway
ADMIN: Gamer_cad/(Jaylen Costello) jumped to 105,138,1 in Central Primary Hallway
ADMIN: Gamer_cad/(Jaylen Costello) jumped to 98,131,1 in Port Primary Hallway
ADMIN: Gamer_cad/(Jaylen Costello) spawned /turf/simulated/wall at (102,130,1)
ACCESS: Logout: Gamer_cad/(Jaylen Costello)


Starting up. 20:30.26
---------------------

ADMIN: Loading jobban_rank
ADMIN: jobban_keylist was empty
ADMIN: Updating jobbanfile!
ADMIN: Loading Banlist
ACCESS: Login: Gamer_cad/(Gamer_cad) from 127.0.0.1
ADMIN: Gamer_cad has started the game.
ACCESS: Logout: *no client*/(Gamer_cad)
ACCESS: Login: Gamer_cad/(Jaylen Costello) from 127.0.0.1
ADMIN: Gamer_cad/(Jaylen Costello) jumped to 95,131,1 in Port Primary Hallway
ADMIN: Gamer_cad/(Jaylen Costello) spawned /obj/tram/powered at (95,131,1)
ACCESS: Logout: Gamer_cad/(Jaylen Costello)
ACCESS: Login: Gamer_cad/(Jaylen Costello) from 127.0.0.1
ACCESS: Logout: Gamer_cad/(Jaylen Costello)


Starting up. 20:37.51
---------------------

ADMIN: Loading jobban_rank
ADMIN: jobban_keylist was empty
ADMIN: Updating jobbanfile!
ADMIN: Loading Banlist
ACCESS: Login: Gamer_cad/(Gamer_cad) from 127.0.0.1
ADMIN: Gamer_cad has started the game.
ACCESS: Logout: *no client*/(Gamer_cad)
ACCESS: Login: Gamer_cad/(Jaylen Costello) from 127.0.0.1
ADMIN: Gamer_cad/(Jaylen Costello) jumped to 94,131,1 in Port Primary Hallway
ADMIN: Gamer_cad/(Jaylen Costello) spawned /obj/tram/powered at (95,131,1)
ADMIN: Gamer_cad/(Jaylen Costello) spawned /obj/tram/passenger at (84,133,1)
ADMIN: Gamer_cad/(Jaylen Costello) spawned /obj/tram/passenger at (85,133,1)
ACCESS: Logout: Gamer_cad/(Jaylen Costello)


Starting up. 20:41.47
---------------------

ADMIN: Loading jobban_rank
ADMIN: jobban_keylist was empty
ADMIN: Updating jobbanfile!
ADMIN: Loading Banlist
ACCESS: Login: Gamer_cad/(Gamer_cad) from 127.0.0.1
ADMIN: Gamer_cad has started the game.
ACCESS: Logout: *no client*/(Gamer_cad)
ACCESS: Login: Gamer_cad/(Jaylen Costello) from 127.0.0.1
ADMIN: Gamer_cad/(Jaylen Costello) jumped to 94,131,1 in Port Primary Hallway
ADMIN: Gamer_cad/(Jaylen Costello) spawned /obj/tram/powered at (94,131,1)
ADMIN: Gamer_cad/(Jaylen Costello) spawned /obj/tram/passenger at (79,131,1)
ADMIN: Gamer_cad/(Jaylen Costello) spawned /obj/tram/passenger at (78,131,1)
ACCESS: Logout: Gamer_cad/(Jaylen Costello)
ACCESS: Login: Gamer_cad/(Jaylen Costello) from 127.0.0.1
ACCESS: Logout: Gamer_cad/(Jaylen Costello)


Starting up. 20:47.20
---------------------

ADMIN: Loading jobban_rank
ADMIN: jobban_keylist was empty
ADMIN: Updating jobbanfile!
ADMIN: Loading Banlist
ACCESS: Login: Gamer_cad/(Gamer_cad) from 127.0.0.1
ADMIN: Gamer_cad has started the game.
ACCESS: Logout: *no client*/(Gamer_cad)
ACCESS: Login: Gamer_cad/(Jaylen Costello) from 127.0.0.1
ADMIN: Gamer_cad/(Jaylen Costello) jumped to 95,131,1 in Port Primary Hallway
ADMIN: Gamer_cad/(Jaylen Costello) spawned /obj/tram/powered at (95,131,1)
ADMIN: Gamer_cad/(Jaylen Costello) spawned /obj/tram/passenger at (94,131,1)
ADMIN: Gamer_cad/(Jaylen Costello) spawned /obj/tram/passenger at (93,131,1)
ACCESS: Logout: Gamer_cad/(Jaylen Costello)
